#
# There is insufficient memory for the Java Runtime Environment to continue.
# Native memory allocation (malloc) failed to allocate 1407536 bytes for Chunk::new
# Possible reasons:
#   The system is out of physical RAM or swap space
#   In 32 bit mode, the process size limit was hit
# Possible solutions:
#   Reduce memory load on the system
#   Increase physical memory or swap space
#   Check if swap backing store is full
#   Use 64 bit Java on a 64 bit OS
#   Decrease Java heap size (-Xmx/-Xms)
#   Decrease number of Java threads
#   Decrease Java thread stack sizes (-Xss)
#   Set larger code cache with -XX:ReservedCodeCacheSize=
# This output file may be truncated or incomplete.
#
#  Out of Memory Error (allocation.cpp:390), pid=11076, tid=0x00000000000004f0
#
# JRE version: Java(TM) SE Runtime Environment (8.0_191-b12) (build 1.8.0_191-b12)
# Java VM: Java HotSpot(TM) 64-Bit Server VM (25.191-b12 mixed mode windows-amd64 compressed oops)
# Failed to write core dump. Minidumps are not enabled by default on client versions of Windows
#

---------------  T H R E A D  ---------------

Current thread (0x0000000013749000):  JavaThread "C2 CompilerThread1" daemon [_thread_in_native, id=1264, stack(0x0000000014e70000,0x0000000014f70000)]

Stack: [0x0000000014e70000,0x0000000014f70000]
[error occurred during error reporting (printing stack bounds), id 0xc0000005]

Native frames: (J=compiled Java code, j=interpreted, Vv=VM code, C=native code)


Current CompileTask:
C2: 113399 9764   !   4       java.nio.file.FileTreeWalker::next (144 bytes)


---------------  P R O C E S S  ---------------

Java Threads: ( => current thread )
  0x000000001375e000 JavaThread "Cache worker for execution history cache (F:\Kitchan Expert\quiz_app\android\.gradle\6.0.1\executionHistory)" [_thread_blocked, id=12028, stack(0x0000000020fc0000,0x00000000210c0000)]
  0x000000001606e800 JavaThread "Execution worker for ':' Thread 3" [_thread_blocked, id=6484, stack(0x0000000020ec0000,0x0000000020fc0000)]
  0x000000001606d800 JavaThread "Execution worker for ':' Thread 2" [_thread_blocked, id=10132, stack(0x0000000020dc0000,0x0000000020ec0000)]
  0x000000001606d000 JavaThread "Execution worker for ':'" [_thread_in_native, id=8912, stack(0x0000000020cc0000,0x0000000020dc0000)]
  0x000000001606c000 JavaThread "Cache worker for file content cache (F:\Kitchan Expert\quiz_app\android\.gradle\6.0.1\fileContent)" [_thread_blocked, id=8592, stack(0x000000001f1c0000,0x000000001f2c0000)]
  0x000000001606a800 JavaThread "Cache worker for file content cache (C:\Users\Fareed\.gradle\caches\6.0.1\fileContent)" [_thread_blocked, id=11536, stack(0x000000001eca0000,0x000000001eda0000)]
  0x0000000016068800 JavaThread "Memory manager" [_thread_blocked, id=9540, stack(0x0000000002110000,0x0000000002210000)]
  0x0000000016067000 JavaThread "Cache worker for Build Output Cleanup Cache (F:\Kitchan Expert\quiz_app\android\.gradle\buildOutputCleanup)" [_thread_blocked, id=12484, stack(0x000000001d5d0000,0x000000001d6d0000)]
  0x0000000016062800 JavaThread "Build operations Thread 4" [_thread_blocked, id=6256, stack(0x000000001ced0000,0x000000001cfd0000)]
  0x0000000016060000 JavaThread "Build operations Thread 3" [_thread_blocked, id=9940, stack(0x000000001cdd0000,0x000000001ced0000)]
  0x0000000016061800 JavaThread "Build operations Thread 2" [_thread_blocked, id=10616, stack(0x000000001ccd0000,0x000000001cdd0000)]
  0x0000000016061000 JavaThread "Build operations" [_thread_blocked, id=3520, stack(0x000000001cbd0000,0x000000001ccd0000)]
  0x0000000016063000 JavaThread "Cache worker for execution history cache (C:\Users\Fareed\.gradle\caches\6.0.1\executionHistory)" [_thread_blocked, id=8824, stack(0x000000001c8d0000,0x000000001c9d0000)]
  0x0000000016064800 JavaThread "Cache worker for cache directory md-rule (C:\Users\Fareed\.gradle\caches\6.0.1\md-rule)" [_thread_blocked, id=7084, stack(0x000000001c7d0000,0x000000001c8d0000)]
  0x000000001375b000 JavaThread "Cache worker for cache directory md-supplier (C:\Users\Fareed\.gradle\caches\6.0.1\md-supplier)" [_thread_blocked, id=12376, stack(0x000000001c6d0000,0x000000001c7d0000)]
  0x0000000013759000 JavaThread "Cache worker for file hash cache (F:\Kitchan Expert\quiz_app\android\.gradle\6.0.1\fileHashes)" [_thread_blocked, id=204, stack(0x000000001a800000,0x000000001a900000)]
  0x000000001375f800 JavaThread "Cache worker for journal cache (C:\Users\Fareed\.gradle\caches\journal-1)" [_thread_blocked, id=13224, stack(0x0000000019230000,0x0000000019330000)]
  0x000000001375d800 JavaThread "File lock request listener" [_thread_in_native, id=10948, stack(0x0000000019130000,0x0000000019230000)]
  0x000000001375c000 JavaThread "Cache worker for file hash cache (C:\Users\Fareed\.gradle\caches\6.0.1\fileHashes)" [_thread_blocked, id=8068, stack(0x0000000019030000,0x0000000019130000)]
  0x000000001664f800 JavaThread "Thread-9" [_thread_blocked, id=4556, stack(0x0000000017f60000,0x0000000018060000)]
  0x0000000016129800 JavaThread "Stdin handler" [_thread_blocked, id=12192, stack(0x0000000017e60000,0x0000000017f60000)]
  0x0000000016127000 JavaThread "Asynchronous log dispatcher for DefaultDaemonConnection: socket connection from /127.0.0.1:57697 to /127.0.0.1:57698" [_thread_blocked, id=10712, stack(0x0000000017d60000,0x0000000017e60000)]
  0x000000001612e800 JavaThread "Daemon worker" [_thread_blocked, id=3456, stack(0x0000000017a60000,0x0000000017b60000)]
  0x000000001664c000 JavaThread "Cancel handler" [_thread_blocked, id=10428, stack(0x0000000017960000,0x0000000017a60000)]
  0x000000001664b000 JavaThread "Handler for socket connection from /127.0.0.1:57697 to /127.0.0.1:57698" [_thread_in_native, id=9592, stack(0x0000000017860000,0x0000000017960000)]
  0x0000000016646000 JavaThread "Daemon" [_thread_blocked, id=7260, stack(0x0000000017760000,0x0000000017860000)]
  0x0000000016337000 JavaThread "Daemon periodic checks" [_thread_blocked, id=4120, stack(0x0000000017660000,0x0000000017760000)]
  0x0000000016184800 JavaThread "Incoming local TCP Connector on port 57697" [_thread_in_native, id=12476, stack(0x0000000017480000,0x0000000017580000)]
  0x00000000161fe000 JavaThread "Daemon health stats" [_thread_blocked, id=13168, stack(0x0000000016e40000,0x0000000016f40000)]
  0x00000000150b0000 JavaThread "Service Thread" daemon [_thread_blocked, id=10960, stack(0x0000000015470000,0x0000000015570000)]
  0x000000001375f000 JavaThread "C1 CompilerThread2" daemon [_thread_blocked, id=11008, stack(0x0000000014f70000,0x0000000015070000)]
=>0x0000000013749000 JavaThread "C2 CompilerThread1" daemon [_thread_in_native, id=1264, stack(0x0000000014e70000,0x0000000014f70000)]
  0x0000000013745000 JavaThread "C2 CompilerThread0" daemon [_thread_in_native, id=6480, stack(0x0000000014d70000,0x0000000014e70000)]
  0x0000000013743800 JavaThread "Attach Listener" daemon [_thread_blocked, id=4116, stack(0x0000000014c70000,0x0000000014d70000)]
  0x0000000013742800 JavaThread "Signal Dispatcher" daemon [_thread_blocked, id=8608, stack(0x0000000014b70000,0x0000000014c70000)]
  0x00000000023cd800 JavaThread "Finalizer" daemon [_thread_blocked, id=13028, stack(0x0000000014990000,0x0000000014a90000)]
  0x000000001372a000 JavaThread "Reference Handler" daemon [_thread_blocked, id=10952, stack(0x0000000014890000,0x0000000014990000)]
  0x00000000022ce800 JavaThread "main" [_thread_blocked, id=12688, stack(0x0000000001f60000,0x0000000002060000)]

Other Threads:
  0x0000000013707800 VMThread [stack: 0x0000000014790000,0x0000000014890000] [id=12380]
  0x00000000150d3000 WatcherThread [stack: 0x0000000015570000,0x0000000015670000] [id=8972]

VM state:not at safepoint (normal execution)

VM Mutex/Monitor currently owned by a thread: None

Heap:
 PSYoungGen      total 148992K, used 83507K [0x00000000f5580000, 0x0000000100000000, 0x0000000100000000)
  eden space 125440K, 51% used [0x00000000f5580000,0x00000000f94efbc0,0x00000000fd000000)
  from space 23552K, 78% used [0x00000000fe900000,0x00000000ffb1d090,0x0000000100000000)
  to   space 24576K, 0% used [0x00000000fd000000,0x00000000fd000000,0x00000000fe800000)
 ParOldGen       total 175104K, used 47856K [0x00000000e0000000, 0x00000000eab00000, 0x00000000f5580000)
  object space 175104K, 27% used [0x00000000e0000000,0x00000000e2ebc2d8,0x00000000eab00000)
 Metaspace       used 66207K, capacity 69744K, committed 70016K, reserved 1110016K
  class space    used 9262K, capacity 10057K, committed 10112K, reserved 1048576K

Card table byte_map: [0x0000000011790000,0x00000000118a0000] byte_map_base: 0x0000000011090000

Marking Bits: (ParMarkBitMap*) 0x0000000052a93e30
 Begin Bits: [0x0000000011ca0000, 0x00000000124a0000)
 End Bits:   [0x00000000124a0000, 0x0000000012ca0000)

Polling page: 0x00000000007e0000

CodeCache: size=245760Kb used=27828Kb max_used=28819Kb free=217931Kb
 bounds [0x00000000023d0000, 0x0000000004010000, 0x00000000113d0000]
 total_blobs=9335 nmethods=8527 adapters=719
 compilation: enabled

Compilation events (10 events):
Event: 112.980 Thread 0x000000001375f000 9812   !   3       java.util.concurrent.locks.AbstractQueuedSynchronizer::doAcquireInterruptibly (97 bytes)
Event: 112.981 Thread 0x0000000013745000 nmethod 9811 0x0000000002696910 code [0x0000000002696a40, 0x0000000002696ab8]
Event: 112.982 Thread 0x000000001375f000 nmethod 9812 0x0000000003726b90 code [0x0000000003726de0, 0x00000000037279b8]
Event: 113.049 Thread 0x0000000013745000 9813       4       com.google.common.util.concurrent.AbstractFuture::set (32 bytes)
Event: 113.052 Thread 0x0000000013745000 nmethod 9813 0x00000000026ca5d0 code [0x00000000026ca720, 0x00000000026ca908]
Event: 113.109 Thread 0x000000001375f000 9814       3       com.google.common.cache.LocalCache$Segment::getEntry (73 bytes)
Event: 113.111 Thread 0x000000001375f000 nmethod 9814 0x0000000002e2fe50 code [0x0000000002e30100, 0x0000000002e31598]
Event: 113.327 Thread 0x0000000013745000 9815   !   4       sun.nio.fs.WindowsFileAttributes::readAttributes (117 bytes)
Event: 113.389 Thread 0x0000000013745000 nmethod 9815 0x00000000037ee750 code [0x00000000037eea60, 0x00000000037f03e0]
Event: 113.389 Thread 0x0000000013745000 9816       4       sun.nio.fs.WindowsPath::openForReadAttributeAccess (38 bytes)

GC Heap History (10 events):
Event: 73.914 GC heap before
{Heap before GC invocations=11 (full 2):
 PSYoungGen      total 156160K, used 156151K [0x00000000f5580000, 0x0000000100000000, 0x0000000100000000)
  eden space 141824K, 100% used [0x00000000f5580000,0x00000000fe000000,0x00000000fe000000)
  from space 14336K, 99% used [0x00000000ff200000,0x00000000ffffdf40,0x0000000100000000)
  to   space 16384K, 0% used [0x00000000fe000000,0x00000000fe000000,0x00000000ff000000)
 ParOldGen       total 175104K, used 19462K [0x00000000e0000000, 0x00000000eab00000, 0x00000000f5580000)
  object space 175104K, 11% used [0x00000000e0000000,0x00000000e1301b70,0x00000000eab00000)
 Metaspace       used 54001K, capacity 55986K, committed 56192K, reserved 1097728K
  class space    used 7543K, capacity 8062K, committed 8064K, reserved 1048576K
Event: 73.946 GC heap after
Heap after GC invocations=11 (full 2):
 PSYoungGen      total 158208K, used 16369K [0x00000000f5580000, 0x0000000100000000, 0x0000000100000000)
  eden space 141824K, 0% used [0x00000000f5580000,0x00000000f5580000,0x00000000fe000000)
  from space 16384K, 99% used [0x00000000fe000000,0x00000000feffc4d0,0x00000000ff000000)
  to   space 16384K, 0% used [0x00000000ff000000,0x00000000ff000000,0x0000000100000000)
 ParOldGen       total 175104K, used 25144K [0x00000000e0000000, 0x00000000eab00000, 0x00000000f5580000)
  object space 175104K, 14% used [0x00000000e0000000,0x00000000e188e390,0x00000000eab00000)
 Metaspace       used 54001K, capacity 55986K, committed 56192K, reserved 1097728K
  class space    used 7543K, capacity 8062K, committed 8064K, reserved 1048576K
}
Event: 78.673 GC heap before
{Heap before GC invocations=12 (full 2):
 PSYoungGen      total 158208K, used 74377K [0x00000000f5580000, 0x0000000100000000, 0x0000000100000000)
  eden space 141824K, 40% used [0x00000000f5580000,0x00000000f8e26200,0x00000000fe000000)
  from space 16384K, 99% used [0x00000000fe000000,0x00000000feffc4d0,0x00000000ff000000)
  to   space 16384K, 0% used [0x00000000ff000000,0x00000000ff000000,0x0000000100000000)
 ParOldGen       total 175104K, used 25144K [0x00000000e0000000, 0x00000000eab00000, 0x00000000f5580000)
  object space 175104K, 14% used [0x00000000e0000000,0x00000000e188e390,0x00000000eab00000)
 Metaspace       used 56720K, capacity 59070K, committed 59160K, reserved 1099776K
  class space    used 7909K, capacity 8515K, committed 8576K, reserved 1048576K
Event: 78.701 GC heap after
Heap after GC invocations=12 (full 2):
 PSYoungGen      total 141824K, used 16370K [0x00000000f5580000, 0x0000000100000000, 0x0000000100000000)
  eden space 125440K, 0% used [0x00000000f5580000,0x00000000f5580000,0x00000000fd000000)
  from space 16384K, 99% used [0x00000000ff000000,0x00000000ffffc850,0x0000000100000000)
  to   space 24576K, 0% used [0x00000000fd000000,0x00000000fd000000,0x00000000fe800000)
 ParOldGen       total 175104K, used 33102K [0x00000000e0000000, 0x00000000eab00000, 0x00000000f5580000)
  object space 175104K, 18% used [0x00000000e0000000,0x00000000e2053838,0x00000000eab00000)
 Metaspace       used 56720K, capacity 59070K, committed 59160K, reserved 1099776K
  class space    used 7909K, capacity 8515K, committed 8576K, reserved 1048576K
}
Event: 78.701 GC heap before
{Heap before GC invocations=13 (full 3):
 PSYoungGen      total 141824K, used 16370K [0x00000000f5580000, 0x0000000100000000, 0x0000000100000000)
  eden space 125440K, 0% used [0x00000000f5580000,0x00000000f5580000,0x00000000fd000000)
  from space 16384K, 99% used [0x00000000ff000000,0x00000000ffffc850,0x0000000100000000)
  to   space 24576K, 0% used [0x00000000fd000000,0x00000000fd000000,0x00000000fe800000)
 ParOldGen       total 175104K, used 33102K [0x00000000e0000000, 0x00000000eab00000, 0x00000000f5580000)
  object space 175104K, 18% used [0x00000000e0000000,0x00000000e2053838,0x00000000eab00000)
 Metaspace       used 56720K, capacity 59070K, committed 59160K, reserved 1099776K
  class space    used 7909K, capacity 8515K, committed 8576K, reserved 1048576K
Event: 79.028 GC heap after
Heap after GC invocations=13 (full 3):
 PSYoungGen      total 141824K, used 0K [0x00000000f5580000, 0x0000000100000000, 0x0000000100000000)
  eden space 125440K, 0% used [0x00000000f5580000,0x00000000f5580000,0x00000000fd000000)
  from space 16384K, 0% used [0x00000000ff000000,0x00000000ff000000,0x0000000100000000)
  to   space 24576K, 0% used [0x00000000fd000000,0x00000000fd000000,0x00000000fe800000)
 ParOldGen       total 175104K, used 38783K [0x00000000e0000000, 0x00000000eab00000, 0x00000000f5580000)
  object space 175104K, 22% used [0x00000000e0000000,0x00000000e25dfdc8,0x00000000eab00000)
 Metaspace       used 56706K, capacity 59022K, committed 59160K, reserved 1099776K
  class space    used 7904K, capacity 8507K, committed 8576K, reserved 1048576K
}
Event: 92.046 GC heap before
{Heap before GC invocations=14 (full 3):
 PSYoungGen      total 141824K, used 125440K [0x00000000f5580000, 0x0000000100000000, 0x0000000100000000)
  eden space 125440K, 100% used [0x00000000f5580000,0x00000000fd000000,0x00000000fd000000)
  from space 16384K, 0% used [0x00000000ff000000,0x00000000ff000000,0x0000000100000000)
  to   space 24576K, 0% used [0x00000000fd000000,0x00000000fd000000,0x00000000fe800000)
 ParOldGen       total 175104K, used 38783K [0x00000000e0000000, 0x00000000eab00000, 0x00000000f5580000)
  object space 175104K, 22% used [0x00000000e0000000,0x00000000e25dfdc8,0x00000000eab00000)
 Metaspace       used 61468K, capacity 64258K, committed 64384K, reserved 1103872K
  class space    used 8628K, capacity 9308K, committed 9344K, reserved 1048576K
Event: 92.066 GC heap after
Heap after GC invocations=14 (full 3):
 PSYoungGen      total 150016K, used 12834K [0x00000000f5580000, 0x0000000100000000, 0x0000000100000000)
  eden space 125440K, 0% used [0x00000000f5580000,0x00000000f5580000,0x00000000fd000000)
  from space 24576K, 52% used [0x00000000fd000000,0x00000000fdc888c0,0x00000000fe800000)
  to   space 23552K, 0% used [0x00000000fe900000,0x00000000fe900000,0x0000000100000000)
 ParOldGen       total 175104K, used 38791K [0x00000000e0000000, 0x00000000eab00000, 0x00000000f5580000)
  object space 175104K, 22% used [0x00000000e0000000,0x00000000e25e1dc8,0x00000000eab00000)
 Metaspace       used 61468K, capacity 64258K, committed 64384K, reserved 1103872K
  class space    used 8628K, capacity 9308K, committed 9344K, reserved 1048576K
}
Event: 101.464 GC heap before
{Heap before GC invocations=15 (full 3):
 PSYoungGen      total 150016K, used 138274K [0x00000000f5580000, 0x0000000100000000, 0x0000000100000000)
  eden space 125440K, 100% used [0x00000000f5580000,0x00000000fd000000,0x00000000fd000000)
  from space 24576K, 52% used [0x00000000fd000000,0x00000000fdc888c0,0x00000000fe800000)
  to   space 23552K, 0% used [0x00000000fe900000,0x00000000fe900000,0x0000000100000000)
 ParOldGen       total 175104K, used 38791K [0x00000000e0000000, 0x00000000eab00000, 0x00000000f5580000)
  object space 175104K, 22% used [0x00000000e0000000,0x00000000e25e1dc8,0x00000000eab00000)
 Metaspace       used 65305K, capacity 68792K, committed 68864K, reserved 1107968K
  class space    used 9147K, capacity 9955K, committed 9984K, reserved 1048576K
Event: 101.499 GC heap after
Heap after GC invocations=15 (full 3):
 PSYoungGen      total 148992K, used 18548K [0x00000000f5580000, 0x0000000100000000, 0x0000000100000000)
  eden space 125440K, 0% used [0x00000000f5580000,0x00000000f5580000,0x00000000fd000000)
  from space 23552K, 78% used [0x00000000fe900000,0x00000000ffb1d090,0x0000000100000000)
  to   space 24576K, 0% used [0x00000000fd000000,0x00000000fd000000,0x00000000fe800000)
 ParOldGen       total 175104K, used 47856K [0x00000000e0000000, 0x00000000eab00000, 0x00000000f5580000)
  object space 175104K, 27% used [0x00000000e0000000,0x00000000e2ebc2d8,0x00000000eab00000)
 Metaspace       used 65305K, capacity 68792K, committed 68864K, reserved 1107968K
  class space    used 9147K, capacity 9955K, committed 9984K, reserved 1048576K
}

Deoptimization events (10 events):
Event: 112.276 Thread 0x000000001606d000 Uncommon trap: reason=bimorphic action=maybe_recompile pc=0x0000000003f97da4 method=com.google.common.collect.NaturalOrdering.compare(Ljava/lang/Comparable;Ljava/lang/Comparable;)I @ 12
Event: 112.276 Thread 0x000000001606d000 Uncommon trap: reason=bimorphic action=maybe_recompile pc=0x0000000003f97da4 method=com.google.common.collect.NaturalOrdering.compare(Ljava/lang/Comparable;Ljava/lang/Comparable;)I @ 12
Event: 112.276 Thread 0x000000001606d000 Uncommon trap: reason=bimorphic action=maybe_recompile pc=0x0000000003f97da4 method=com.google.common.collect.NaturalOrdering.compare(Ljava/lang/Comparable;Ljava/lang/Comparable;)I @ 12
Event: 112.276 Thread 0x000000001606d000 Uncommon trap: reason=bimorphic action=maybe_recompile pc=0x0000000003f97da4 method=com.google.common.collect.NaturalOrdering.compare(Ljava/lang/Comparable;Ljava/lang/Comparable;)I @ 12
Event: 112.288 Thread 0x000000001606d000 Uncommon trap: reason=bimorphic action=maybe_recompile pc=0x00000000037fff8c method=org.gradle.internal.ImmutableActionSet.add(Lorg/gradle/api/Action;)Lorg/gradle/internal/ImmutableActionSet; @ 74
Event: 112.438 Thread 0x0000000016067000 Uncommon trap: reason=unstable_if action=reinterpret pc=0x000000000400c80c method=org.gradle.cache.internal.btree.BlockPointer.isNull()Z @ 6
Event: 112.628 Thread 0x000000001606e800 Uncommon trap: reason=class_check action=maybe_recompile pc=0x0000000002e24900 method=com.google.common.cache.LocalCache$Segment.getLiveValue(Lcom/google/common/cache/ReferenceEntry;J)Ljava/lang/Object; @ 21
Event: 112.631 Thread 0x000000001612e800 Uncommon trap: reason=class_check action=maybe_recompile pc=0x0000000002e24900 method=com.google.common.cache.LocalCache$Segment.getLiveValue(Lcom/google/common/cache/ReferenceEntry;J)Ljava/lang/Object; @ 21
Event: 112.749 Thread 0x000000001606e800 Uncommon trap: reason=class_check action=maybe_recompile pc=0x0000000002e24900 method=com.google.common.cache.LocalCache$Segment.getLiveValue(Lcom/google/common/cache/ReferenceEntry;J)Ljava/lang/Object; @ 21
Event: 112.812 Thread 0x000000001606e800 Uncommon trap: reason=class_check action=maybe_recompile pc=0x0000000002e24900 method=com.google.common.cache.LocalCache$Segment.getLiveValue(Lcom/google/common/cache/ReferenceEntry;J)Ljava/lang/Object; @ 21

Classes redefined (0 events):
No events

Internal exceptions (10 events):
Event: 91.825 Thread 0x000000001612e800 Exception <a 'java/lang/ClassNotFoundException': build_aoscz1b5taqalwp12ylkcmkxj$_run_closure1BeanInfo> (0x00000000fc898908) thrown at [C:\re\workspace\8-2-build-windows-amd64-cygwin\jdk8u191\11896\hotspot\src\share\vm\classfile\systemDictionary.cpp, line
Event: 91.825 Thread 0x000000001612e800 Exception <a 'java/lang/ClassNotFoundException': build_aoscz1b5taqalwp12ylkcmkxj$_run_closure1Customizer> (0x00000000fc8b1b50) thrown at [C:\re\workspace\8-2-build-windows-amd64-cygwin\jdk8u191\11896\hotspot\src\share\vm\classfile\systemDictionary.cpp, li
Event: 92.795 Thread 0x000000001612e800 Implicit null exception at 0x00000000029fcb22 to 0x00000000029fd061
Event: 92.895 Thread 0x000000001612e800 Implicit null exception at 0x0000000002612816 to 0x0000000002612ba9
Event: 109.153 Thread 0x000000001612e800 Exception <a 'java/lang/ClassNotFoundException': groovy/util/FileTreeBuilderBeanInfo> (0x00000000f7926e88) thrown at [C:\re\workspace\8-2-build-windows-amd64-cygwin\jdk8u191\11896\hotspot\src\share\vm\classfile\systemDictionary.cpp, line 210]
Event: 109.154 Thread 0x000000001612e800 Exception <a 'java/lang/ClassNotFoundException': groovy/util/FileTreeBuilderCustomizer> (0x00000000f79518e0) thrown at [C:\re\workspace\8-2-build-windows-amd64-cygwin\jdk8u191\11896\hotspot\src\share\vm\classfile\systemDictionary.cpp, line 210]
Event: 109.159 Thread 0x000000001612e800 Exception <a 'java/lang/ClassNotFoundException': java/io/BufferedWriterBeanInfo> (0x00000000f79a2770) thrown at [C:\re\workspace\8-2-build-windows-amd64-cygwin\jdk8u191\11896\hotspot\src\share\vm\classfile\systemDictionary.cpp, line 210]
Event: 109.159 Thread 0x000000001612e800 Exception <a 'java/lang/ClassNotFoundException': java/io/WriterBeanInfo> (0x00000000f79a8f70) thrown at [C:\re\workspace\8-2-build-windows-amd64-cygwin\jdk8u191\11896\hotspot\src\share\vm\classfile\systemDictionary.cpp, line 210]
Event: 109.160 Thread 0x000000001612e800 Exception <a 'java/lang/ClassNotFoundException': java/io/WriterCustomizer> (0x00000000f79af828) thrown at [C:\re\workspace\8-2-build-windows-amd64-cygwin\jdk8u191\11896\hotspot\src\share\vm\classfile\systemDictionary.cpp, line 210]
Event: 109.160 Thread 0x000000001612e800 Exception <a 'java/lang/ClassNotFoundException': java/io/BufferedWriterCustomizer> (0x00000000f79bdd88) thrown at [C:\re\workspace\8-2-build-windows-amd64-cygwin\jdk8u191\11896\hotspot\src\share\vm\classfile\systemDictionary.cpp, line 210]

Events (10 events):
Event: 112.632 Executing VM operation: RevokeBias
Event: 112.632 Executing VM operation: RevokeBias done
Event: 112.749 Thread 0x000000001606e800 Uncommon trap: trap_request=0xffffffde fr.pc=0x0000000002e24900
Event: 112.749 Thread 0x000000001606e800 DEOPT PACKING pc=0x0000000002e24900 sp=0x0000000020fbdca0
Event: 112.749 Thread 0x000000001606e800 DEOPT UNPACKING pc=0x000000000241583b sp=0x0000000020fbdba8 mode 2
Event: 112.749 Executing VM operation: RevokeBias
Event: 112.749 Executing VM operation: RevokeBias done
Event: 112.812 Thread 0x000000001606e800 Uncommon trap: trap_request=0xffffffde fr.pc=0x0000000002e24900
Event: 112.812 Thread 0x000000001606e800 DEOPT PACKING pc=0x0000000002e24900 sp=0x0000000020fbdb50
Event: 112.812 Thread 0x000000001606e800 DEOPT UNPACKING pc=0x000000000241583b sp=0x0000000020fbda58 mode 2


Dynamic libraries:
0x00007ff78c8e0000 - 0x00007ff78c917000 	C:\Program Files\Java\jdk1.8.0_191\bin\java.exe
0x00007ffedbc40000 - 0x00007ffedbe02000 	C:\Windows\SYSTEM32\ntdll.dll
0x00007ffed9eb0000 - 0x00007ffed9f5d000 	C:\Windows\system32\KERNEL32.DLL
0x00007ffed8ef0000 - 0x00007ffed90cd000 	C:\Windows\system32\KERNELBASE.dll
0x00007ffedb9e0000 - 0x00007ffedba86000 	C:\Windows\system32\ADVAPI32.dll
0x00007ffedb940000 - 0x00007ffedb9dd000 	C:\Windows\system32\msvcrt.dll
0x00007ffed9ba0000 - 0x00007ffed9bfb000 	C:\Windows\system32\sechost.dll
0x00007ffed9f80000 - 0x00007ffeda0a6000 	C:\Windows\system32\RPCRT4.dll
0x00007ffedba90000 - 0x00007ffedbbde000 	C:\Windows\system32\USER32.dll
0x00007ffed9300000 - 0x00007ffed9483000 	C:\Windows\system32\GDI32.dll
0x00007ffecf100000 - 0x00007ffecf374000 	C:\Windows\WinSxS\amd64_microsoft.windows.common-controls_6595b64144ccf1df_6.0.10240.17184_none_f41d7a705752bce6\COMCTL32.dll
0x00007ffed97f0000 - 0x00007ffed9826000 	C:\Windows\system32\IMM32.DLL
0x00007ffed9d40000 - 0x00007ffed9e9c000 	C:\Windows\system32\MSCTF.dll
0x0000000052b20000 - 0x0000000052bf2000 	C:\Program Files\Java\jdk1.8.0_191\jre\bin\msvcr100.dll
0x0000000052270000 - 0x0000000052b14000 	C:\Program Files\Java\jdk1.8.0_191\jre\bin\server\jvm.dll
0x00007ffed9f70000 - 0x00007ffed9f78000 	C:\Windows\system32\PSAPI.DLL
0x00007ffed2560000 - 0x00007ffed2569000 	C:\Windows\SYSTEM32\WSOCK32.dll
0x00007ffed9c20000 - 0x00007ffed9c89000 	C:\Windows\system32\WS2_32.dll
0x00007ffed9ea0000 - 0x00007ffed9ea8000 	C:\Windows\system32\NSI.dll
0x00007ffed6cf0000 - 0x00007ffed6d13000 	C:\Windows\SYSTEM32\WINMM.dll
0x00007ffecfa50000 - 0x00007ffecfa5a000 	C:\Windows\SYSTEM32\VERSION.dll
0x00007ffed1fd0000 - 0x00007ffed1ffc000 	C:\Windows\SYSTEM32\WINMMBASE.dll
0x00007ffed87c0000 - 0x00007ffed8804000 	C:\Windows\system32\cfgmgr32.dll
0x00007ffed6fe0000 - 0x00007ffed7007000 	C:\Windows\SYSTEM32\DEVOBJ.dll
0x0000000052260000 - 0x000000005226f000 	C:\Program Files\Java\jdk1.8.0_191\jre\bin\verify.dll
0x0000000052230000 - 0x0000000052259000 	C:\Program Files\Java\jdk1.8.0_191\jre\bin\java.dll
0x0000000052210000 - 0x0000000052226000 	C:\Program Files\Java\jdk1.8.0_191\jre\bin\zip.dll
0x00007ffeda410000 - 0x00007ffedb933000 	C:\Windows\system32\SHELL32.dll
0x00007ffed88c0000 - 0x00007ffed8ee9000 	C:\Windows\system32\windows.storage.dll
0x00007ffed9490000 - 0x00007ffed970c000 	C:\Windows\system32\combase.dll
0x00007ffeda0b0000 - 0x00007ffeda101000 	C:\Windows\system32\shlwapi.dll
0x00007ffed8680000 - 0x00007ffed868f000 	C:\Windows\system32\kernel.appcore.dll
0x00007ffed8700000 - 0x00007ffed87b3000 	C:\Windows\system32\shcore.dll
0x00007ffed8690000 - 0x00007ffed86da000 	C:\Windows\system32\powrprof.dll
0x00007ffed8660000 - 0x00007ffed8673000 	C:\Windows\system32\profapi.dll
0x00000000521f0000 - 0x000000005220a000 	C:\Program Files\Java\jdk1.8.0_191\jre\bin\net.dll
0x00007ffed7ec0000 - 0x00007ffed7f1d000 	C:\Windows\system32\mswsock.dll
0x00000000521d0000 - 0x00000000521e1000 	C:\Program Files\Java\jdk1.8.0_191\jre\bin\nio.dll
0x00007ffecb800000 - 0x00007ffecb826000 	C:\Users\Fareed\.gradle\native\30\windows-amd64\native-platform.dll
0x00000000521c0000 - 0x00000000521cd000 	C:\Program Files\Java\jdk1.8.0_191\jre\bin\management.dll
0x00007ffed7f20000 - 0x00007ffed7f37000 	C:\Windows\SYSTEM32\CRYPTSP.dll
0x00007ffed8190000 - 0x00007ffed81b8000 	C:\Windows\SYSTEM32\bcrypt.dll
0x00007ffed7b80000 - 0x00007ffed7bb3000 	C:\Windows\system32\rsaenh.dll
0x00007ffed7c70000 - 0x00007ffed7c8f000 	C:\Windows\SYSTEM32\USERENV.dll
0x00007ffed84b0000 - 0x00007ffed851b000 	C:\Windows\system32\bcryptprimitives.dll
0x00007ffed8090000 - 0x00007ffed809b000 	C:\Windows\SYSTEM32\CRYPTBASE.dll
0x00007ffed65e0000 - 0x00007ffed6618000 	C:\Windows\SYSTEM32\IPHLPAPI.DLL
0x00007ffed6570000 - 0x00007ffed657b000 	C:\Windows\SYSTEM32\WINNSI.DLL
0x00007ffed2cc0000 - 0x00007ffed2cd6000 	C:\Windows\SYSTEM32\dhcpcsvc6.DLL
0x00007ffed2ca0000 - 0x00007ffed2cba000 	C:\Windows\SYSTEM32\dhcpcsvc.DLL

VM Arguments:
jvm_args: -XX:MaxMetaspaceSize=256m -XX:+HeapDumpOnOutOfMemoryError -Xms256m -Xmx512m -Dfile.encoding=windows-1252 -Duser.country=US -Duser.language=en -Duser.variant 
java_command: org.gradle.launcher.daemon.bootstrap.GradleDaemon 6.0.1
java_class_path (initial): C:\Users\Fareed\.gradle\wrapper\dists\gradle-6.0.1-all\99d3u8wxs16ndehh90lbbir67\gradle-6.0.1\lib\gradle-launcher-6.0.1.jar
Launcher Type: SUN_STANDARD

Environment Variables:
JAVA_HOME=C:\Program Files\Java\jdk1.8.0_191
CLASSPATH=F:\Kitchan Expert\quiz_app\android\\gradle\wrapper\gradle-wrapper.jar
PATH=F:\Kitchan Expert\quiz_app\android\node_modules\.bin;F:\Kitchan Expert\quiz_app\node_modules\.bin;F:\Kitchan Expert\node_modules\.bin;F:\node_modules\.bin;C:\Program Files\nodejs;C:\Users\Fareed\bin;C:\Program Files\Git\mingw64\bin;C:\Program Files\Git\usr\local\bin;C:\Program Files\Git\usr\bin;C:\Program Files\Git\usr\bin;C:\Program Files\Git\mingw64\bin;C:\Program Files\Git\usr\bin;C:\Users\Fareed\bin;C:\Program Files (x86)\Common Files\Oracle\Java\javapath;C:\Windows\system32;C:\Windows;C:\Windows\System32\Wbem;C:\Windows\System32\WindowsPowerShell\v1.0;C:\Program Files\Git\cmd;C:\Program Files\Git\mingw64\bin;C:\Program Files\Git\usr\bin;C:\Program Files\nodejs;C:\Program Files (x86)\Yarn\bin;C:\Program Files\Java\jdk1.8.0_191\bin;C:\Users\Fareed\AppData\Local\Android\Sdk\tools;C:\Users\Fareed\AppData\Local\Android\Sdk\platform-tools;C:\Users\Fareed\AppData\Roaming\npm;C:\Users\Fareed\AppData\Local\Android\Sdk;C:\Users\Fareed\AppData\Local\Android\Sdk\android-25;C:\Users\Fareed\AppData\Local\GitHubDesktop\bin;C:\Users\Fareed\AppData\Local\Yarn\bin;C:\Users\Fareed\AppData\Local\Programs\Microsoft VS Code\bin;C:\Program Files\Git\usr\bin\vendor_perl;C:\Program Files\Git\usr\bin\core_perl
USERNAME=Fareed
SHELL=C:\Program Files\Git\usr\bin\bash.exe
DISPLAY=needs-to-be-defined
OS=Windows_NT
PROCESSOR_IDENTIFIER=Intel64 Family 6 Model 58 Stepping 9, GenuineIntel



---------------  S Y S T E M  ---------------

OS: Windows 10.0 , 64 bit Build 10240 (10.0.10240.17113)

CPU:total 4 (initial active 4) (2 cores per cpu, 2 threads per core) family 6 model 58 stepping 9, cmov, cx8, fxsr, mmx, sse, sse2, sse3, ssse3, sse4.1, sse4.2, popcnt, avx, aes, clmul, erms, ht, tsc, tscinvbit, tscinv

Memory: 4k page, physical 8250808k(1119516k free), swap 12225476k(5512k free)

vm_info: Java HotSpot(TM) 64-Bit Server VM (25.191-b12) for windows-amd64 JRE (1.8.0_191-b12), built on Oct  6 2018 09:29:03 by "java_re" with MS VC++ 10.0 (VS2010)

time: Wed Jul 08 00:38:26 2020
elapsed time: 113 seconds (0d 0h 1m 53s)

