#
# There is insufficient memory for the Java Runtime Environment to continue.
# Native memory allocation (malloc) failed to allocate 683056 bytes for Chunk::new
# Possible reasons:
#   The system is out of physical RAM or swap space
#   In 32 bit mode, the process size limit was hit
# Possible solutions:
#   Reduce memory load on the system
#   Increase physical memory or swap space
#   Check if swap backing store is full
#   Use 64 bit Java on a 64 bit OS
#   Decrease Java heap size (-Xmx/-Xms)
#   Decrease number of Java threads
#   Decrease Java thread stack sizes (-Xss)
#   Set larger code cache with -XX:ReservedCodeCacheSize=
# This output file may be truncated or incomplete.
#
#  Out of Memory Error (allocation.cpp:390), pid=388, tid=0x0000000000002a20
#
# JRE version: Java(TM) SE Runtime Environment (8.0_191-b12) (build 1.8.0_191-b12)
# Java VM: Java HotSpot(TM) 64-Bit Server VM (25.191-b12 mixed mode windows-amd64 compressed oops)
# Failed to write core dump. Minidumps are not enabled by default on client versions of Windows
#

---------------  T H R E A D  ---------------

Current thread (0x0000000013961800):  JavaThread "C2 CompilerThread0" daemon [_thread_in_native, id=10784, stack(0x0000000014fa0000,0x00000000150a0000)]

Stack: [0x0000000014fa0000,0x00000000150a0000]
[error occurred during error reporting (printing stack bounds), id 0xc0000005]

Native frames: (J=compiled Java code, j=interpreted, Vv=VM code, C=native code)


Current CompileTask:
C2:   4246 1813       4       java.io.WinNTFileSystem::normalize (231 bytes)


---------------  P R O C E S S  ---------------

Java Threads: ( => current thread )
  0x0000000017559800 JavaThread "Cache worker for file hash cache (F:\Kitchan Expert\quiz_app\android\.gradle\6.0.1\fileHashes)" [_thread_blocked, id=4008, stack(0x000000001ab30000,0x000000001ac30000)]
  0x0000000017559000 JavaThread "Cache worker for journal cache (C:\Users\Fareed\.gradle\caches\journal-1)" [_thread_blocked, id=6976, stack(0x0000000019560000,0x0000000019660000)]
  0x0000000017556800 JavaThread "File lock request listener" [_thread_in_native, id=10856, stack(0x0000000019460000,0x0000000019560000)]
  0x0000000017556000 JavaThread "Cache worker for file hash cache (C:\Users\Fareed\.gradle\caches\6.0.1\fileHashes)" [_thread_blocked, id=2892, stack(0x0000000019360000,0x0000000019460000)]
  0x00000000174fb000 JavaThread "Thread-9" [_thread_blocked, id=9060, stack(0x0000000019260000,0x0000000019360000)]
  0x0000000017532000 JavaThread "Stdin handler" [_thread_blocked, id=6552, stack(0x0000000019160000,0x0000000019260000)]
  0x000000001752f000 JavaThread "Asynchronous log dispatcher for DefaultDaemonConnection: socket connection from /127.0.0.1:60314 to /127.0.0.1:60315" [_thread_blocked, id=10872, stack(0x0000000019060000,0x0000000019160000)]
  0x00000000174dd800 JavaThread "Daemon worker" [_thread_in_vm, id=2920, stack(0x0000000018d60000,0x0000000018e60000)]
  0x00000000174dc800 JavaThread "Cancel handler" [_thread_blocked, id=9132, stack(0x0000000018c60000,0x0000000018d60000)]
  0x00000000174d4800 JavaThread "Handler for socket connection from /127.0.0.1:60314 to /127.0.0.1:60315" [_thread_in_native, id=3648, stack(0x0000000018b60000,0x0000000018c60000)]
  0x00000000174d4000 JavaThread "Daemon" [_thread_blocked, id=3244, stack(0x0000000018a60000,0x0000000018b60000)]
  0x0000000017459800 JavaThread "Daemon periodic checks" [_thread_blocked, id=6112, stack(0x0000000018960000,0x0000000018a60000)]
  0x0000000017468800 JavaThread "Incoming local TCP Connector on port 60314" [_thread_in_native, id=4732, stack(0x0000000018780000,0x0000000018880000)]
  0x0000000017384000 JavaThread "Daemon health stats" [_thread_blocked, id=7180, stack(0x0000000018040000,0x0000000018140000)]
  0x00000000139be800 JavaThread "Service Thread" daemon [_thread_blocked, id=6096, stack(0x00000000156a0000,0x00000000157a0000)]
  0x000000001396c800 JavaThread "C1 CompilerThread2" daemon [_thread_blocked, id=1784, stack(0x00000000151a0000,0x00000000152a0000)]
  0x0000000013964800 JavaThread "C2 CompilerThread1" daemon [_thread_blocked, id=9480, stack(0x00000000150a0000,0x00000000151a0000)]
=>0x0000000013961800 JavaThread "C2 CompilerThread0" daemon [_thread_in_native, id=10784, stack(0x0000000014fa0000,0x00000000150a0000)]
  0x000000001395f800 JavaThread "Attach Listener" daemon [_thread_blocked, id=6748, stack(0x0000000014ea0000,0x0000000014fa0000)]
  0x000000001395e000 JavaThread "Signal Dispatcher" daemon [_thread_blocked, id=7820, stack(0x0000000014da0000,0x0000000014ea0000)]
  0x000000000253c000 JavaThread "Finalizer" daemon [_thread_blocked, id=8148, stack(0x0000000014bc0000,0x0000000014cc0000)]
  0x000000001394a000 JavaThread "Reference Handler" daemon [_thread_blocked, id=10120, stack(0x0000000014ac0000,0x0000000014bc0000)]
  0x000000000233e000 JavaThread "main" [_thread_blocked, id=2832, stack(0x0000000002340000,0x0000000002440000)]

Other Threads:
  0x0000000013927800 VMThread [stack: 0x00000000149c0000,0x0000000014ac0000] [id=1884]
  0x00000000152d3800 WatcherThread [stack: 0x00000000157a0000,0x00000000158a0000] [id=768]

VM state:not at safepoint (normal execution)

VM Mutex/Monitor currently owned by a thread: None

Heap:
 PSYoungGen      total 76288K, used 6290K [0x00000000f5580000, 0x00000000fea80000, 0x0000000100000000)
  eden space 65536K, 9% used [0x00000000f5580000,0x00000000f5ba4b28,0x00000000f9580000)
  from space 10752K, 0% used [0x00000000f9580000,0x00000000f9580000,0x00000000fa000000)
  to   space 10752K, 0% used [0x00000000fe000000,0x00000000fe000000,0x00000000fea80000)
 ParOldGen       total 175104K, used 11887K [0x00000000e0000000, 0x00000000eab00000, 0x00000000f5580000)
  object space 175104K, 6% used [0x00000000e0000000,0x00000000e0b9bd80,0x00000000eab00000)
 Metaspace       used 22973K, capacity 23408K, committed 23680K, reserved 1071104K
  class space    used 3265K, capacity 3428K, committed 3456K, reserved 1048576K

Card table byte_map: [0x0000000011900000,0x0000000011a10000] byte_map_base: 0x0000000011200000

Marking Bits: (ParMarkBitMap*) 0x0000000062c23e30
 Begin Bits: [0x0000000011ec0000, 0x00000000126c0000)
 End Bits:   [0x00000000126c0000, 0x0000000012ec0000)

Polling page: 0x00000000022b0000

CodeCache: size=245760Kb used=6564Kb max_used=6566Kb free=239195Kb
 bounds [0x0000000002540000, 0x0000000002bb0000, 0x0000000011540000]
 total_blobs=2309 nmethods=1882 adapters=339
 compilation: enabled

Compilation events (10 events):
Event: 4.241 Thread 0x000000001396c800 nmethod 1874 0x0000000002ba79d0 code [0x0000000002ba7ca0, 0x0000000002ba9228]
Event: 4.241 Thread 0x000000001396c800 1876       3       org.codehaus.groovy.runtime.metaclass.MetaMethodIndex::hash (31 bytes)
Event: 4.241 Thread 0x000000001396c800 nmethod 1876 0x0000000002ba2850 code [0x0000000002ba29a0, 0x0000000002ba2af0]
Event: 4.241 Thread 0x000000001396c800 1877       1       org.codehaus.groovy.reflection.GeneratedMetaMethod::getModifiers (2 bytes)
Event: 4.241 Thread 0x000000001396c800 nmethod 1877 0x0000000002ba2590 code [0x0000000002ba26e0, 0x0000000002ba27f0]
Event: 4.242 Thread 0x0000000013964800 1878       4       java.lang.reflect.Method::copy (84 bytes)
Event: 4.244 Thread 0x0000000013964800 nmethod 1878 0x0000000002ba21d0 code [0x0000000002ba2320, 0x0000000002ba24b8]
Event: 4.244 Thread 0x000000001396c800 1879       1       org.codehaus.groovy.reflection.CachedMethod::getDeclaringClass (5 bytes)
Event: 4.244 Thread 0x000000001396c800 nmethod 1879 0x0000000002ba1f10 code [0x0000000002ba2060, 0x0000000002ba2170]
Event: 4.244 Thread 0x000000001396c800 1880       3       org.codehaus.groovy.runtime.metaclass.MetaMethodIndex::isMatchingMethod (65 bytes)

GC Heap History (8 events):
Event: 1.512 GC heap before
{Heap before GC invocations=1 (full 0):
 PSYoungGen      total 76288K, used 65536K [0x00000000f5580000, 0x00000000faa80000, 0x0000000100000000)
  eden space 65536K, 100% used [0x00000000f5580000,0x00000000f9580000,0x00000000f9580000)
  from space 10752K, 0% used [0x00000000fa000000,0x00000000fa000000,0x00000000faa80000)
  to   space 10752K, 0% used [0x00000000f9580000,0x00000000f9580000,0x00000000fa000000)
 ParOldGen       total 175104K, used 0K [0x00000000e0000000, 0x00000000eab00000, 0x00000000f5580000)
  object space 175104K, 0% used [0x00000000e0000000,0x00000000e0000000,0x00000000eab00000)
 Metaspace       used 6990K, capacity 7172K, committed 7424K, reserved 1056768K
  class space    used 882K, capacity 948K, committed 1024K, reserved 1048576K
Event: 1.519 GC heap after
Heap after GC invocations=1 (full 0):
 PSYoungGen      total 76288K, used 5679K [0x00000000f5580000, 0x00000000faa80000, 0x0000000100000000)
  eden space 65536K, 0% used [0x00000000f5580000,0x00000000f5580000,0x00000000f9580000)
  from space 10752K, 52% used [0x00000000f9580000,0x00000000f9b0bcc8,0x00000000fa000000)
  to   space 10752K, 0% used [0x00000000fa000000,0x00000000fa000000,0x00000000faa80000)
 ParOldGen       total 175104K, used 16K [0x00000000e0000000, 0x00000000eab00000, 0x00000000f5580000)
  object space 175104K, 0% used [0x00000000e0000000,0x00000000e0004000,0x00000000eab00000)
 Metaspace       used 6990K, capacity 7172K, committed 7424K, reserved 1056768K
  class space    used 882K, capacity 948K, committed 1024K, reserved 1048576K
}
Event: 2.817 GC heap before
{Heap before GC invocations=2 (full 0):
 PSYoungGen      total 76288K, used 71215K [0x00000000f5580000, 0x00000000faa80000, 0x0000000100000000)
  eden space 65536K, 100% used [0x00000000f5580000,0x00000000f9580000,0x00000000f9580000)
  from space 10752K, 52% used [0x00000000f9580000,0x00000000f9b0bcc8,0x00000000fa000000)
  to   space 10752K, 0% used [0x00000000fa000000,0x00000000fa000000,0x00000000faa80000)
 ParOldGen       total 175104K, used 16K [0x00000000e0000000, 0x00000000eab00000, 0x00000000f5580000)
  object space 175104K, 0% used [0x00000000e0000000,0x00000000e0004000,0x00000000eab00000)
 Metaspace       used 14272K, capacity 14514K, committed 14720K, reserved 1062912K
  class space    used 2035K, capacity 2133K, committed 2176K, reserved 1048576K
Event: 2.829 GC heap after
Heap after GC invocations=2 (full 0):
 PSYoungGen      total 76288K, used 9437K [0x00000000f5580000, 0x00000000faa80000, 0x0000000100000000)
  eden space 65536K, 0% used [0x00000000f5580000,0x00000000f5580000,0x00000000f9580000)
  from space 10752K, 87% used [0x00000000fa000000,0x00000000fa937780,0x00000000faa80000)
  to   space 10752K, 0% used [0x00000000f9580000,0x00000000f9580000,0x00000000fa000000)
 ParOldGen       total 175104K, used 24K [0x00000000e0000000, 0x00000000eab00000, 0x00000000f5580000)
  object space 175104K, 0% used [0x00000000e0000000,0x00000000e0006000,0x00000000eab00000)
 Metaspace       used 14272K, capacity 14514K, committed 14720K, reserved 1062912K
  class space    used 2035K, capacity 2133K, committed 2176K, reserved 1048576K
}
Event: 3.977 GC heap before
{Heap before GC invocations=3 (full 0):
 PSYoungGen      total 76288K, used 73603K [0x00000000f5580000, 0x00000000faa80000, 0x0000000100000000)
  eden space 65536K, 97% used [0x00000000f5580000,0x00000000f9429540,0x00000000f9580000)
  from space 10752K, 87% used [0x00000000fa000000,0x00000000fa937780,0x00000000faa80000)
  to   space 10752K, 0% used [0x00000000f9580000,0x00000000f9580000,0x00000000fa000000)
 ParOldGen       total 175104K, used 24K [0x00000000e0000000, 0x00000000eab00000, 0x00000000f5580000)
  object space 175104K, 0% used [0x00000000e0000000,0x00000000e0006000,0x00000000eab00000)
 Metaspace       used 20645K, capacity 21072K, committed 21296K, reserved 1067008K
  class space    used 3001K, capacity 3140K, committed 3200K, reserved 1048576K
Event: 4.000 GC heap after
Heap after GC invocations=3 (full 0):
 PSYoungGen      total 76288K, used 10730K [0x00000000f5580000, 0x00000000fea80000, 0x0000000100000000)
  eden space 65536K, 0% used [0x00000000f5580000,0x00000000f5580000,0x00000000f9580000)
  from space 10752K, 99% used [0x00000000f9580000,0x00000000f9ffa880,0x00000000fa000000)
  to   space 10752K, 0% used [0x00000000fe000000,0x00000000fe000000,0x00000000fea80000)
 ParOldGen       total 175104K, used 1516K [0x00000000e0000000, 0x00000000eab00000, 0x00000000f5580000)
  object space 175104K, 0% used [0x00000000e0000000,0x00000000e017b168,0x00000000eab00000)
 Metaspace       used 20645K, capacity 21072K, committed 21296K, reserved 1067008K
  class space    used 3001K, capacity 3140K, committed 3200K, reserved 1048576K
}
Event: 4.000 GC heap before
{Heap before GC invocations=4 (full 1):
 PSYoungGen      total 76288K, used 10730K [0x00000000f5580000, 0x00000000fea80000, 0x0000000100000000)
  eden space 65536K, 0% used [0x00000000f5580000,0x00000000f5580000,0x00000000f9580000)
  from space 10752K, 99% used [0x00000000f9580000,0x00000000f9ffa880,0x00000000fa000000)
  to   space 10752K, 0% used [0x00000000fe000000,0x00000000fe000000,0x00000000fea80000)
 ParOldGen       total 175104K, used 1516K [0x00000000e0000000, 0x00000000eab00000, 0x00000000f5580000)
  object space 175104K, 0% used [0x00000000e0000000,0x00000000e017b168,0x00000000eab00000)
 Metaspace       used 20645K, capacity 21072K, committed 21296K, reserved 1067008K
  class space    used 3001K, capacity 3140K, committed 3200K, reserved 1048576K
Event: 4.064 GC heap after
Heap after GC invocations=4 (full 1):
 PSYoungGen      total 76288K, used 0K [0x00000000f5580000, 0x00000000fea80000, 0x0000000100000000)
  eden space 65536K, 0% used [0x00000000f5580000,0x00000000f5580000,0x00000000f9580000)
  from space 10752K, 0% used [0x00000000f9580000,0x00000000f9580000,0x00000000fa000000)
  to   space 10752K, 0% used [0x00000000fe000000,0x00000000fe000000,0x00000000fea80000)
 ParOldGen       total 175104K, used 11887K [0x00000000e0000000, 0x00000000eab00000, 0x00000000f5580000)
  object space 175104K, 6% used [0x00000000e0000000,0x00000000e0b9bd80,0x00000000eab00000)
 Metaspace       used 20645K, capacity 21072K, committed 21296K, reserved 1067008K
  class space    used 3001K, capacity 3140K, committed 3200K, reserved 1048576K
}

Deoptimization events (10 events):
Event: 2.446 Thread 0x00000000174dd800 Uncommon trap: reason=bimorphic action=maybe_recompile pc=0x00000000027fd938 method=java.util.HashMap.putVal(ILjava/lang/Object;Ljava/lang/Object;ZZ)Ljava/lang/Object; @ 253
Event: 2.674 Thread 0x00000000174dd800 Uncommon trap: reason=class_check action=maybe_recompile pc=0x0000000002824f18 method=java.util.regex.Matcher.match(II)Z @ 86
Event: 2.692 Thread 0x00000000174dd800 Uncommon trap: reason=class_check action=maybe_recompile pc=0x0000000002824f18 method=java.util.regex.Matcher.match(II)Z @ 86
Event: 2.693 Thread 0x00000000174dd800 Uncommon trap: reason=class_check action=maybe_recompile pc=0x0000000002824f18 method=java.util.regex.Matcher.match(II)Z @ 86
Event: 2.693 Thread 0x00000000174dd800 Uncommon trap: reason=class_check action=maybe_recompile pc=0x000000000281071c method=java.util.regex.Matcher.match(II)Z @ 86
Event: 3.095 Thread 0x00000000174dd800 Uncommon trap: reason=unstable_if action=reinterpret pc=0x00000000029cb8ac method=java.util.HashMap.putVal(ILjava/lang/Object;Ljava/lang/Object;ZZ)Ljava/lang/Object; @ 236
Event: 3.353 Thread 0x00000000174dd800 Uncommon trap: reason=unstable_if action=reinterpret pc=0x00000000026b0bc8 method=java.net.URI.match(CJJ)Z @ 19
Event: 3.353 Thread 0x00000000174dd800 Uncommon trap: reason=unstable_if action=reinterpret pc=0x00000000027b0880 method=java.net.URI.match(CJJ)Z @ 19
Event: 3.354 Thread 0x00000000174dd800 Uncommon trap: reason=unstable_if action=reinterpret pc=0x00000000026af708 method=java.net.URI.match(CJJ)Z @ 19
Event: 3.526 Thread 0x00000000174dd800 Uncommon trap: reason=unstable_if action=reinterpret pc=0x000000000282adc0 method=java.io.File.getName()Ljava/lang/String; @ 16

Classes redefined (0 events):
No events

Internal exceptions (10 events):
Event: 0.752 Thread 0x000000000233e000 Exception <a 'java/lang/ArrayIndexOutOfBoundsException'> (0x00000000f68f37d0) thrown at [C:\re\workspace\8-2-build-windows-amd64-cygwin\jdk8u191\11896\hotspot\src\share\vm\runtime\sharedRuntime.cpp, line 605]
Event: 0.753 Thread 0x000000000233e000 Exception <a 'java/lang/ArrayIndexOutOfBoundsException'> (0x00000000f68fec80) thrown at [C:\re\workspace\8-2-build-windows-amd64-cygwin\jdk8u191\11896\hotspot\src\share\vm\runtime\sharedRuntime.cpp, line 605]
Event: 0.754 Thread 0x000000000233e000 Exception <a 'java/lang/ArrayIndexOutOfBoundsException'> (0x00000000f690d4c8) thrown at [C:\re\workspace\8-2-build-windows-amd64-cygwin\jdk8u191\11896\hotspot\src\share\vm\runtime\sharedRuntime.cpp, line 605]
Event: 0.754 Thread 0x000000000233e000 Exception <a 'java/lang/ArrayIndexOutOfBoundsException'> (0x00000000f691a7a0) thrown at [C:\re\workspace\8-2-build-windows-amd64-cygwin\jdk8u191\11896\hotspot\src\share\vm\runtime\sharedRuntime.cpp, line 605]
Event: 1.755 Thread 0x000000000233e000 Exception <a 'java/lang/NoSuchFieldError': method resolution failed> (0x00000000f673ccf0) thrown at [C:\re\workspace\8-2-build-windows-amd64-cygwin\jdk8u191\11896\hotspot\src\share\vm\prims\methodHandles.cpp, line 1167]
Event: 1.757 Thread 0x000000000233e000 Exception <a 'java/lang/NoSuchFieldError': method resolution failed> (0x00000000f674a9d0) thrown at [C:\re\workspace\8-2-build-windows-amd64-cygwin\jdk8u191\11896\hotspot\src\share\vm\prims\methodHandles.cpp, line 1167]
Event: 2.352 Thread 0x000000000233e000 Exception <a 'java/io/IOException'> (0x00000000f70270a8) thrown at [C:\re\workspace\8-2-build-windows-amd64-cygwin\jdk8u191\11896\hotspot\src\share\vm\prims\jni.cpp, line 709]
Event: 2.949 Thread 0x00000000174dd800 Exception <a 'java/lang/NoSuchMethodError': java.lang.Object.lambda$and$0(Ljava/util/function/Predicate;Ljava/lang/Object;)Z> (0x00000000f60b91a8) thrown at [C:\re\workspace\8-2-build-windows-amd64-cygwin\jdk8u191\11896\hotspot\src\share\vm\interpreter\li
Event: 2.960 Thread 0x00000000174dd800 Exception <a 'java/lang/IncompatibleClassChangeError': Found class java.lang.Object, but interface was expected> (0x00000000f60cef48) thrown at [C:\re\workspace\8-2-build-windows-amd64-cygwin\jdk8u191\11896\hotspot\src\share\vm\interpreter\linkResolver.cp
Event: 2.963 Thread 0x00000000174dd800 Exception <a 'java/lang/NoSuchMethodError': java.lang.Object.lambda$or$2(Ljava/util/function/Predicate;Ljava/lang/Object;)Z> (0x00000000f60d3ee0) thrown at [C:\re\workspace\8-2-build-windows-amd64-cygwin\jdk8u191\11896\hotspot\src\share\vm\interpreter\lin

Events (10 events):
Event: 4.240 loading class org/codehaus/groovy/reflection/MixinInMetaClass
Event: 4.240 loading class org/codehaus/groovy/reflection/MixinInMetaClass done
Event: 4.240 loading class org/codehaus/groovy/util/ManagedConcurrentMap
Event: 4.240 loading class org/codehaus/groovy/util/ManagedConcurrentMap done
Event: 4.241 loading class org/codehaus/groovy/util/AbstractConcurrentMap
Event: 4.241 loading class org/codehaus/groovy/util/AbstractConcurrentMap done
Event: 4.241 loading class org/codehaus/groovy/util/AbstractConcurrentMapBase
Event: 4.241 loading class org/codehaus/groovy/util/AbstractConcurrentMapBase done
Event: 4.242 loading class org/codehaus/groovy/runtime/callsite/CallSiteArray
Event: 4.242 loading class org/codehaus/groovy/runtime/callsite/CallSiteArray done


Dynamic libraries:
0x00007ff6f1ef0000 - 0x00007ff6f1f27000 	C:\Program Files\Java\jdk1.8.0_191\bin\java.exe
0x00007ffbc7ec0000 - 0x00007ffbc8081000 	C:\Windows\SYSTEM32\ntdll.dll
0x00007ffbc6fa0000 - 0x00007ffbc704d000 	C:\Windows\system32\KERNEL32.DLL
0x00007ffbc53b0000 - 0x00007ffbc558d000 	C:\Windows\system32\KERNELBASE.dll
0x00007ffbc7050000 - 0x00007ffbc70f6000 	C:\Windows\system32\ADVAPI32.dll
0x00007ffbc7260000 - 0x00007ffbc72fd000 	C:\Windows\system32\msvcrt.dll
0x00007ffbc7870000 - 0x00007ffbc78cb000 	C:\Windows\system32\sechost.dll
0x00007ffbc5660000 - 0x00007ffbc5786000 	C:\Windows\system32\RPCRT4.dll
0x00007ffbc6df0000 - 0x00007ffbc6f3e000 	C:\Windows\system32\USER32.dll
0x00007ffbc73b0000 - 0x00007ffbc7536000 	C:\Windows\system32\GDI32.dll
0x00007ffbba9b0000 - 0x00007ffbbac24000 	C:\Windows\WinSxS\amd64_microsoft.windows.common-controls_6595b64144ccf1df_6.0.10240.16384_none_f41f7b285750ef43\COMCTL32.dll
0x00007ffbc55f0000 - 0x00007ffbc5626000 	C:\Windows\system32\IMM32.DLL
0x00007ffbc7100000 - 0x00007ffbc725c000 	C:\Windows\system32\MSCTF.dll
0x0000000062cb0000 - 0x0000000062d82000 	C:\Program Files\Java\jdk1.8.0_191\jre\bin\msvcr100.dll
0x0000000062400000 - 0x0000000062ca4000 	C:\Program Files\Java\jdk1.8.0_191\jre\bin\server\jvm.dll
0x00007ffbc5790000 - 0x00007ffbc5798000 	C:\Windows\system32\PSAPI.DLL
0x00007ffbc2fa0000 - 0x00007ffbc2fa9000 	C:\Windows\SYSTEM32\WSOCK32.dll
0x00007ffbc7ca0000 - 0x00007ffbc7d09000 	C:\Windows\system32\WS2_32.dll
0x00007ffbc7540000 - 0x00007ffbc7548000 	C:\Windows\system32\NSI.dll
0x00007ffbbac70000 - 0x00007ffbbac93000 	C:\Windows\SYSTEM32\WINMM.dll
0x00007ffbbb390000 - 0x00007ffbbb39a000 	C:\Windows\SYSTEM32\VERSION.dll
0x00007ffbba950000 - 0x00007ffbba97c000 	C:\Windows\SYSTEM32\WINMMBASE.dll
0x00007ffbc4b60000 - 0x00007ffbc4ba4000 	C:\Windows\system32\cfgmgr32.dll
0x00007ffbc31a0000 - 0x00007ffbc31c7000 	C:\Windows\SYSTEM32\DEVOBJ.dll
0x00000000623f0000 - 0x00000000623ff000 	C:\Program Files\Java\jdk1.8.0_191\jre\bin\verify.dll
0x00000000623c0000 - 0x00000000623e9000 	C:\Program Files\Java\jdk1.8.0_191\jre\bin\java.dll
0x00000000623a0000 - 0x00000000623b6000 	C:\Program Files\Java\jdk1.8.0_191\jre\bin\zip.dll
0x00007ffbc58c0000 - 0x00007ffbc6de2000 	C:\Windows\system32\SHELL32.dll
0x00007ffbc4cc0000 - 0x00007ffbc52e9000 	C:\Windows\system32\windows.storage.dll
0x00007ffbc7a20000 - 0x00007ffbc7c9c000 	C:\Windows\system32\combase.dll
0x00007ffbc6f40000 - 0x00007ffbc6f91000 	C:\Windows\system32\shlwapi.dll
0x00007ffbc4930000 - 0x00007ffbc493f000 	C:\Windows\system32\kernel.appcore.dll
0x00007ffbc52f0000 - 0x00007ffbc53a3000 	C:\Windows\system32\shcore.dll
0x00007ffbc4940000 - 0x00007ffbc498a000 	C:\Windows\system32\powrprof.dll
0x00007ffbc48f0000 - 0x00007ffbc4903000 	C:\Windows\system32\profapi.dll
0x0000000062380000 - 0x000000006239a000 	C:\Program Files\Java\jdk1.8.0_191\jre\bin\net.dll
0x00007ffbc4160000 - 0x00007ffbc41bd000 	C:\Windows\system32\mswsock.dll
0x0000000062360000 - 0x0000000062371000 	C:\Program Files\Java\jdk1.8.0_191\jre\bin\nio.dll
0x00007ffbbc9b0000 - 0x00007ffbbc9d6000 	C:\Users\Fareed\.gradle\native\30\windows-amd64\native-platform.dll
0x0000000062350000 - 0x000000006235d000 	C:\Program Files\Java\jdk1.8.0_191\jre\bin\management.dll
0x00007ffbc41c0000 - 0x00007ffbc41d7000 	C:\Windows\SYSTEM32\CRYPTSP.dll
0x00007ffbc4430000 - 0x00007ffbc4458000 	C:\Windows\SYSTEM32\bcrypt.dll
0x00007ffbc3db0000 - 0x00007ffbc3de3000 	C:\Windows\system32\rsaenh.dll
0x00007ffbc3fb0000 - 0x00007ffbc3fcf000 	C:\Windows\SYSTEM32\USERENV.dll
0x00007ffbc4740000 - 0x00007ffbc47ab000 	C:\Windows\system32\bcryptprimitives.dll
0x00007ffbc4330000 - 0x00007ffbc433b000 	C:\Windows\SYSTEM32\CRYPTBASE.dll
0x00007ffbc2ac0000 - 0x00007ffbc2af8000 	C:\Windows\SYSTEM32\IPHLPAPI.DLL
0x00007ffbc2ab0000 - 0x00007ffbc2abb000 	C:\Windows\SYSTEM32\WINNSI.DLL
0x00007ffbbd100000 - 0x00007ffbbd116000 	C:\Windows\SYSTEM32\dhcpcsvc6.DLL
0x00007ffbbd0e0000 - 0x00007ffbbd0fa000 	C:\Windows\SYSTEM32\dhcpcsvc.DLL

VM Arguments:
jvm_args: -XX:MaxMetaspaceSize=256m -XX:+HeapDumpOnOutOfMemoryError -Xms256m -Xmx512m -Dfile.encoding=windows-1252 -Duser.country=US -Duser.language=en -Duser.variant 
java_command: org.gradle.launcher.daemon.bootstrap.GradleDaemon 6.0.1
java_class_path (initial): C:\Users\Fareed\.gradle\wrapper\dists\gradle-6.0.1-all\99d3u8wxs16ndehh90lbbir67\gradle-6.0.1\lib\gradle-launcher-6.0.1.jar
Launcher Type: SUN_STANDARD

Environment Variables:
JAVA_HOME=C:\Program Files\Java\jdk1.8.0_191
CLASSPATH=F:\Kitchan Expert\quiz_app\android\\gradle\wrapper\gradle-wrapper.jar
PATH=F:\Kitchan Expert\quiz_app\android\node_modules\.bin;F:\Kitchan Expert\quiz_app\node_modules\.bin;F:\Kitchan Expert\node_modules\.bin;F:\node_modules\.bin;C:\Program Files\nodejs;C:\Program Files (x86)\Common Files\Oracle\Java\javapath;C:\Windows\system32;C:\Windows;C:\Windows\System32\Wbem;C:\Windows\System32\WindowsPowerShell\v1.0\;C:\Program Files\Git\cmd;C:\Program Files\Git\mingw64\bin;C:\Program Files\Git\usr\bin;C:\Program Files\nodejs\;C:\Program Files (x86)\Yarn\bin\;C:\Program Files\Java\jdk1.8.0_191\bin;C:\Users\Fareed\AppData\Local\Android\Sdk\tools;C:\Users\Fareed\AppData\Local\Android\Sdk\platform-tools;C:\Users\Fareed\AppData\Local\Programs\Microsoft VS Code\bin;C:\Users\Fareed\AppData\Roaming\npm;C:\Users\Fareed\AppData\Local\Android\Sdk;C:\Users\Fareed\AppData\Local\Android\Sdk\android-25;C:\Users\Fareed\AppData\Local\GitHubDesktop\bin;C:\Users\Fareed\AppData\Local\Yarn\bin
USERNAME=Fareed
OS=Windows_NT
PROCESSOR_IDENTIFIER=Intel64 Family 6 Model 58 Stepping 9, GenuineIntel



---------------  S Y S T E M  ---------------

OS: Windows 10.0 , 64 bit Build 10240 (10.0.10240.16384)

CPU:total 4 (initial active 4) (2 cores per cpu, 2 threads per core) family 6 model 58 stepping 9, cmov, cx8, fxsr, mmx, sse, sse2, sse3, ssse3, sse4.1, sse4.2, popcnt, avx, aes, clmul, erms, ht, tsc, tscinvbit, tscinv

Memory: 4k page, physical 8250808k(1894988k free), swap 9279908k(92k free)

vm_info: Java HotSpot(TM) 64-Bit Server VM (25.191-b12) for windows-amd64 JRE (1.8.0_191-b12), built on Oct  6 2018 09:29:03 by "java_re" with MS VC++ 10.0 (VS2010)

time: Tue Jun 30 04:07:02 2020
elapsed time: 4 seconds (0d 0h 0m 4s)

