#
# There is insufficient memory for the Java Runtime Environment to continue.
# Native memory allocation (malloc) failed to allocate 1317616 bytes for Chunk::new
# Possible reasons:
#   The system is out of physical RAM or swap space
#   In 32 bit mode, the process size limit was hit
# Possible solutions:
#   Reduce memory load on the system
#   Increase physical memory or swap space
#   Check if swap backing store is full
#   Use 64 bit Java on a 64 bit OS
#   Decrease Java heap size (-Xmx/-Xms)
#   Decrease number of Java threads
#   Decrease Java thread stack sizes (-Xss)
#   Set larger code cache with -XX:ReservedCodeCacheSize=
# This output file may be truncated or incomplete.
#
#  Out of Memory Error (allocation.cpp:390), pid=4520, tid=0x0000000000001b34
#
# JRE version: Java(TM) SE Runtime Environment (8.0_191-b12) (build 1.8.0_191-b12)
# Java VM: Java HotSpot(TM) 64-Bit Server VM (25.191-b12 mixed mode windows-amd64 compressed oops)
# Failed to write core dump. Minidumps are not enabled by default on client versions of Windows
#

---------------  T H R E A D  ---------------

Current thread (0x0000000014144800):  JavaThread "C2 CompilerThread1" daemon [_thread_in_native, id=6964, stack(0x0000000015870000,0x0000000015970000)]

Stack: [0x0000000015870000,0x0000000015970000]
[error occurred during error reporting (printing stack bounds), id 0xc0000005]

Native frames: (J=compiled Java code, j=interpreted, Vv=VM code, C=native code)


Current CompileTask:
C2:6642316 16483   !   4       java.io.ObjectInputStream::readObject0 (566 bytes)


---------------  P R O C E S S  ---------------

Java Threads: ( => current thread )
  0x0000000019a2d000 JavaThread "Cache worker for Java compile cache (F:\Kitchan Expert\quiz_app\android\.gradle\6.0.1\javaCompile)" [_thread_blocked, id=9020, stack(0x00000000242b0000,0x00000000243b0000)]
  0x0000000019a2b800 JavaThread "Cache worker for Java compile cache (C:\Users\Fareed\.gradle\caches\6.0.1\javaCompile)" [_thread_blocked, id=7524, stack(0x00000000241b0000,0x00000000242b0000)]
  0x0000000019a20000 JavaThread "WorkerExecutor Queue Thread 4" [_thread_in_native, id=7252, stack(0x0000000023eb0000,0x0000000023fb0000)]
  0x0000000019a24800 JavaThread "WorkerExecutor Queue Thread 3" [_thread_in_native, id=10460, stack(0x0000000023db0000,0x0000000023eb0000)]
  0x0000000019a25800 JavaThread "WorkerExecutor Queue Thread 2" [_thread_blocked, id=3740, stack(0x00000000238b0000,0x00000000239b0000)]
  0x0000000019a27000 JavaThread "WorkerExecutor Queue" [_thread_in_native, id=776, stack(0x0000000023410000,0x0000000023510000)]
  0x0000000019a21800 JavaThread "Cache worker for execution history cache (F:\Kitchan Expert\quiz_app\android\.gradle\6.0.1\executionHistory)" [_thread_in_native, id=11148, stack(0x0000000023310000,0x0000000023410000)]
  0x0000000019a26000 JavaThread "Execution worker for ':' Thread 3" [_thread_blocked, id=2876, stack(0x0000000022fd0000,0x00000000230d0000)]
  0x000000001ad8b000 JavaThread "Execution worker for ':' Thread 2" [_thread_blocked, id=2172, stack(0x0000000022ed0000,0x0000000022fd0000)]
  0x000000001ad89800 JavaThread "Execution worker for ':'" [_thread_in_native, id=9672, stack(0x0000000022dd0000,0x0000000022ed0000)]
  0x000000001ad88800 JavaThread "Cache worker for file content cache (F:\Kitchan Expert\quiz_app\android\.gradle\6.0.1\fileContent)" [_thread_blocked, id=9188, stack(0x0000000022cd0000,0x0000000022dd0000)]
  0x000000001ad8c800 JavaThread "Cache worker for Build Output Cleanup Cache (F:\Kitchan Expert\quiz_app\android\.gradle\buildOutputCleanup)" [_thread_blocked, id=9588, stack(0x00000000228d0000,0x00000000229d0000)]
  0x000000001ad8f800 JavaThread "Build operations Thread 4" [_thread_blocked, id=764, stack(0x000000001efe0000,0x000000001f0e0000)]
  0x000000001ad8e000 JavaThread "Build operations Thread 3" [_thread_blocked, id=9716, stack(0x000000001e8e0000,0x000000001e9e0000)]
  0x000000001ad8a000 JavaThread "Build operations Thread 2" [_thread_blocked, id=7832, stack(0x000000001e7e0000,0x000000001e8e0000)]
  0x000000001ad8b800 JavaThread "Build operations" [_thread_blocked, id=8728, stack(0x000000001e6e0000,0x000000001e7e0000)]
  0x000000001ad8d000 JavaThread "Cache worker for cache directory md-rule (C:\Users\Fareed\.gradle\caches\6.0.1\md-rule)" [_thread_blocked, id=9280, stack(0x000000001e5e0000,0x000000001e6e0000)]
  0x000000001ad81000 JavaThread "Cache worker for cache directory md-supplier (C:\Users\Fareed\.gradle\caches\6.0.1\md-supplier)" [_thread_blocked, id=10256, stack(0x000000001e4e0000,0x000000001e5e0000)]
  0x000000001ad88000 JavaThread "Cache worker for file hash cache (F:\Kitchan Expert\quiz_app\android\.gradle\6.0.1\fileHashes)" [_thread_blocked, id=9468, stack(0x000000001d1d0000,0x000000001d2d0000)]
  0x000000001ad82800 JavaThread "Thread-36" [_thread_blocked, id=2892, stack(0x000000001cdd0000,0x000000001ced0000)]
  0x000000001ad87000 JavaThread "Stdin handler" [_thread_blocked, id=9452, stack(0x000000001ccd0000,0x000000001cdd0000)]
  0x000000001ad86800 JavaThread "Asynchronous log dispatcher for DefaultDaemonConnection: socket connection from /127.0.0.1:53915 to /127.0.0.1:59236" [_thread_blocked, id=11096, stack(0x000000001b200000,0x000000001b300000)]
  0x000000001ad82000 JavaThread "Daemon worker Thread 2" [_thread_blocked, id=10780, stack(0x0000000018760000,0x0000000018860000)]
  0x000000001ad85800 JavaThread "Cancel handler" [_thread_blocked, id=620, stack(0x0000000018460000,0x0000000018560000)]
  0x000000001ad85000 JavaThread "Handler for socket connection from /127.0.0.1:53915 to /127.0.0.1:59236" [_thread_in_native, id=2580, stack(0x0000000018160000,0x0000000018260000)]
  0x000000001ad84000 JavaThread "Daemon Thread 2" [_thread_blocked, id=8784, stack(0x0000000002a20000,0x0000000002b20000)]
  0x000000001ad83800 JavaThread "AWT-Windows" daemon [_thread_in_native, id=7852, stack(0x00000000239b0000,0x0000000023ab0000)]
  0x0000000017481800 JavaThread "Java2D Disposer" daemon [_thread_blocked, id=4592, stack(0x0000000023510000,0x0000000023610000)]
  0x0000000019a2f000 JavaThread "Device List Monitor" [_thread_in_native, id=5344, stack(0x00000000229d0000,0x0000000022ad0000)]
  0x0000000019a2c000 JavaThread "Monitor" [_thread_in_native, id=5628, stack(0x00000000227d0000,0x00000000228d0000)]
  0x0000000019a2a000 JavaThread "Cache worker for file content cache (C:\Users\Fareed\.gradle\caches\6.0.1\fileContent)" [_thread_blocked, id=8036, stack(0x00000000010e0000,0x00000000011e0000)]
  0x0000000019a23000 JavaThread "Memory manager" [_thread_blocked, id=5404, stack(0x0000000000fc0000,0x00000000010c0000)]
  0x0000000019a22800 JavaThread "Cache worker for execution history cache (C:\Users\Fareed\.gradle\caches\6.0.1\executionHistory)" [_thread_blocked, id=6552, stack(0x000000001ced0000,0x000000001cfd0000)]
  0x0000000017486800 JavaThread "Cache worker for journal cache (C:\Users\Fareed\.gradle\caches\journal-1)" [_thread_blocked, id=7164, stack(0x0000000018c60000,0x0000000018d60000)]
  0x0000000017485000 JavaThread "File lock request listener" [_thread_in_native, id=6360, stack(0x0000000018b60000,0x0000000018c60000)]
  0x0000000017483000 JavaThread "Cache worker for file hash cache (C:\Users\Fareed\.gradle\caches\6.0.1\fileHashes)" [_thread_blocked, id=6864, stack(0x0000000018a60000,0x0000000018b60000)]
  0x0000000015ce3800 JavaThread "Daemon periodic checks" [_thread_blocked, id=7568, stack(0x0000000018060000,0x0000000018160000)]
  0x0000000016faf000 JavaThread "Incoming local TCP Connector on port 53915" [_thread_in_native, id=6844, stack(0x0000000017e80000,0x0000000017f80000)]
  0x0000000016421800 JavaThread "Daemon health stats" [_thread_blocked, id=7680, stack(0x0000000017840000,0x0000000017940000)]
  0x0000000015a90800 JavaThread "Service Thread" daemon [_thread_blocked, id=4544, stack(0x0000000015e70000,0x0000000015f70000)]
  0x000000001414a800 JavaThread "C1 CompilerThread2" daemon [_thread_blocked, id=7648, stack(0x0000000015970000,0x0000000015a70000)]
=>0x0000000014144800 JavaThread "C2 CompilerThread1" daemon [_thread_in_native, id=6964, stack(0x0000000015870000,0x0000000015970000)]
  0x0000000014141800 JavaThread "C2 CompilerThread0" daemon [_thread_in_native, id=7184, stack(0x0000000015770000,0x0000000015870000)]
  0x0000000014140000 JavaThread "Attach Listener" daemon [_thread_blocked, id=5776, stack(0x0000000015670000,0x0000000015770000)]
  0x000000001413e800 JavaThread "Signal Dispatcher" daemon [_thread_blocked, id=5772, stack(0x0000000015570000,0x0000000015670000)]
  0x0000000002d1d800 JavaThread "Finalizer" daemon [_thread_blocked, id=3228, stack(0x0000000015390000,0x0000000015490000)]
  0x0000000014128800 JavaThread "Reference Handler" daemon [_thread_blocked, id=4240, stack(0x0000000015290000,0x0000000015390000)]
  0x0000000002a1e000 JavaThread "main" [_thread_blocked, id=7520, stack(0x0000000002b20000,0x0000000002c20000)]

Other Threads:
  0x0000000014108000 VMThread [stack: 0x0000000015190000,0x0000000015290000] [id=7776]
  0x0000000015ab2800 WatcherThread [stack: 0x0000000015f70000,0x0000000016070000] [id=8108]

VM state:not at safepoint (normal execution)

VM Mutex/Monitor currently owned by a thread: None

Heap:
 PSYoungGen      total 138240K, used 89646K [0x00000000f5580000, 0x00000000ffe00000, 0x0000000100000000)
  eden space 102912K, 74% used [0x00000000f5580000,0x00000000f9ffe330,0x00000000fba00000)
  from space 35328K, 37% used [0x00000000fba00000,0x00000000fc70d8c0,0x00000000fdc80000)
  to   space 34304K, 0% used [0x00000000fdc80000,0x00000000fdc80000,0x00000000ffe00000)
 ParOldGen       total 175104K, used 103358K [0x00000000e0000000, 0x00000000eab00000, 0x00000000f5580000)
  object space 175104K, 59% used [0x00000000e0000000,0x00000000e64efa68,0x00000000eab00000)
 Metaspace       used 85999K, capacity 90398K, committed 90624K, reserved 1128448K
  class space    used 11318K, capacity 12244K, committed 12288K, reserved 1048576K

Card table byte_map: [0x00000000120e0000,0x00000000121f0000] byte_map_base: 0x00000000119e0000

Marking Bits: (ParMarkBitMap*) 0x0000000062c23e30
 Begin Bits: [0x00000000126a0000, 0x0000000012ea0000)
 End Bits:   [0x0000000012ea0000, 0x00000000136a0000)

Polling page: 0x0000000001270000

CodeCache: size=245760Kb used=48705Kb max_used=49472Kb free=197054Kb
 bounds [0x0000000002d20000, 0x0000000005db0000, 0x0000000011d20000]
 total_blobs=14678 nmethods=13763 adapters=825
 compilation: enabled

Compilation events (10 events):
Event: 6642.197 Thread 0x000000001414a800 16547       1       javax.management.ObjectName::getCanonicalName (5 bytes)
Event: 6642.197 Thread 0x000000001414a800 nmethod 16547 0x00000000057d2350 code [0x00000000057d24a0, 0x00000000057d25b0]
Event: 6642.198 Thread 0x000000001414a800 16552       3       sun.reflect.UnsafeQualifiedObjectFieldAccessorImpl::get (17 bytes)
Event: 6642.199 Thread 0x000000001414a800 nmethod 16552 0x00000000054601d0 code [0x00000000054603a0, 0x0000000005460df8]
Event: 6642.200 Thread 0x000000001414a800 16553       3       com.google.gson.reflect.TypeToken::get (9 bytes)
Event: 6642.200 Thread 0x000000001414a800 nmethod 16553 0x000000000555e410 code [0x000000000555e580, 0x000000000555e748]
Event: 6642.200 Thread 0x000000001414a800 16554       3       java.io.StringWriter::write (17 bytes)
Event: 6642.201 Thread 0x000000001414a800 nmethod 16554 0x000000000583c150 code [0x000000000583c2e0, 0x000000000583c7b8]
Event: 6642.201 Thread 0x000000001414a800 16555       1       com.sun.jmx.mbeanserver.NamedObject::getName (5 bytes)
Event: 6642.201 Thread 0x000000001414a800 nmethod 16555 0x00000000057f9510 code [0x00000000057f9660, 0x00000000057f9770]

GC Heap History (10 events):
Event: 179.472 GC heap before
{Heap before GC invocations=20 (full 3):
 PSYoungGen      total 131072K, used 131042K [0x00000000f5580000, 0x0000000100000000, 0x0000000100000000)
  eden space 108032K, 100% used [0x00000000f5580000,0x00000000fbf00000,0x00000000fbf00000)
  from space 23040K, 99% used [0x00000000fe980000,0x00000000ffff8950,0x0000000100000000)
  to   space 33280K, 0% used [0x00000000fbf00000,0x00000000fbf00000,0x00000000fdf80000)
 ParOldGen       total 175104K, used 53219K [0x00000000e0000000, 0x00000000eab00000, 0x00000000f5580000)
  object space 175104K, 30% used [0x00000000e0000000,0x00000000e33f8db8,0x00000000eab00000)
 Metaspace       used 72115K, capacity 75748K, committed 75904K, reserved 1114112K
  class space    used 9986K, capacity 10777K, committed 10880K, reserved 1048576K
Event: 179.516 GC heap after
Heap after GC invocations=20 (full 3):
 PSYoungGen      total 135168K, used 26815K [0x00000000f5580000, 0x0000000100000000, 0x0000000100000000)
  eden space 108032K, 0% used [0x00000000f5580000,0x00000000f5580000,0x00000000fbf00000)
  from space 27136K, 98% used [0x00000000fbf00000,0x00000000fd92ff48,0x00000000fd980000)
  to   space 35840K, 0% used [0x00000000fdd00000,0x00000000fdd00000,0x0000000100000000)
 ParOldGen       total 175104K, used 56612K [0x00000000e0000000, 0x00000000eab00000, 0x00000000f5580000)
  object space 175104K, 32% used [0x00000000e0000000,0x00000000e37492a8,0x00000000eab00000)
 Metaspace       used 72115K, capacity 75748K, committed 75904K, reserved 1114112K
  class space    used 9986K, capacity 10777K, committed 10880K, reserved 1048576K
}
Event: 6620.969 GC heap before
{Heap before GC invocations=21 (full 3):
 PSYoungGen      total 135168K, used 134847K [0x00000000f5580000, 0x0000000100000000, 0x0000000100000000)
  eden space 108032K, 100% used [0x00000000f5580000,0x00000000fbf00000,0x00000000fbf00000)
  from space 27136K, 98% used [0x00000000fbf00000,0x00000000fd92ff48,0x00000000fd980000)
  to   space 35840K, 0% used [0x00000000fdd00000,0x00000000fdd00000,0x0000000100000000)
 ParOldGen       total 175104K, used 56612K [0x00000000e0000000, 0x00000000eab00000, 0x00000000f5580000)
  object space 175104K, 32% used [0x00000000e0000000,0x00000000e37492a8,0x00000000eab00000)
 Metaspace       used 75919K, capacity 79788K, committed 80000K, reserved 1118208K
  class space    used 10239K, capacity 11061K, committed 11136K, reserved 1048576K
Event: 6621.252 GC heap after
Heap after GC invocations=21 (full 3):
 PSYoungGen      total 138752K, used 21796K [0x00000000f5580000, 0x0000000100000000, 0x0000000100000000)
  eden space 102912K, 0% used [0x00000000f5580000,0x00000000f5580000,0x00000000fba00000)
  from space 35840K, 60% used [0x00000000fdd00000,0x00000000ff249388,0x0000000100000000)
  to   space 35840K, 0% used [0x00000000fba00000,0x00000000fba00000,0x00000000fdd00000)
 ParOldGen       total 175104K, used 69434K [0x00000000e0000000, 0x00000000eab00000, 0x00000000f5580000)
  object space 175104K, 39% used [0x00000000e0000000,0x00000000e43ce860,0x00000000eab00000)
 Metaspace       used 75919K, capacity 79788K, committed 80000K, reserved 1118208K
  class space    used 10239K, capacity 11061K, committed 11136K, reserved 1048576K
}
Event: 6626.708 GC heap before
{Heap before GC invocations=22 (full 3):
 PSYoungGen      total 138752K, used 124708K [0x00000000f5580000, 0x0000000100000000, 0x0000000100000000)
  eden space 102912K, 100% used [0x00000000f5580000,0x00000000fba00000,0x00000000fba00000)
  from space 35840K, 60% used [0x00000000fdd00000,0x00000000ff249388,0x0000000100000000)
  to   space 35840K, 0% used [0x00000000fba00000,0x00000000fba00000,0x00000000fdd00000)
 ParOldGen       total 175104K, used 69434K [0x00000000e0000000, 0x00000000eab00000, 0x00000000f5580000)
  object space 175104K, 39% used [0x00000000e0000000,0x00000000e43ce860,0x00000000eab00000)
 Metaspace       used 76314K, capacity 80384K, committed 80512K, reserved 1118208K
  class space    used 10264K, capacity 11105K, committed 11136K, reserved 1048576K
Event: 6626.774 GC heap after
Heap after GC invocations=22 (full 3):
 PSYoungGen      total 124416K, used 21120K [0x00000000f5580000, 0x00000000fff00000, 0x0000000100000000)
  eden space 102912K, 0% used [0x00000000f5580000,0x00000000f5580000,0x00000000fba00000)
  from space 21504K, 98% used [0x00000000fba00000,0x00000000fcea0270,0x00000000fcf00000)
  to   space 35328K, 0% used [0x00000000fdc80000,0x00000000fdc80000,0x00000000fff00000)
 ParOldGen       total 175104K, used 80454K [0x00000000e0000000, 0x00000000eab00000, 0x00000000f5580000)
  object space 175104K, 45% used [0x00000000e0000000,0x00000000e4e91908,0x00000000eab00000)
 Metaspace       used 76314K, capacity 80384K, committed 80512K, reserved 1118208K
  class space    used 10264K, capacity 11105K, committed 11136K, reserved 1048576K
}
Event: 6632.735 GC heap before
{Heap before GC invocations=23 (full 3):
 PSYoungGen      total 124416K, used 123831K [0x00000000f5580000, 0x00000000fff00000, 0x0000000100000000)
  eden space 102912K, 99% used [0x00000000f5580000,0x00000000fb9cdc80,0x00000000fba00000)
  from space 21504K, 98% used [0x00000000fba00000,0x00000000fcea0270,0x00000000fcf00000)
  to   space 35328K, 0% used [0x00000000fdc80000,0x00000000fdc80000,0x00000000fff00000)
 ParOldGen       total 175104K, used 80454K [0x00000000e0000000, 0x00000000eab00000, 0x00000000f5580000)
  object space 175104K, 45% used [0x00000000e0000000,0x00000000e4e91908,0x00000000eab00000)
 Metaspace       used 82839K, capacity 87202K, committed 87296K, reserved 1124352K
  class space    used 11107K, capacity 11990K, committed 12032K, reserved 1048576K
Event: 6632.782 GC heap after
Heap after GC invocations=23 (full 3):
 PSYoungGen      total 138240K, used 5810K [0x00000000f5580000, 0x0000000100000000, 0x0000000100000000)
  eden space 102912K, 0% used [0x00000000f5580000,0x00000000f5580000,0x00000000fba00000)
  from space 35328K, 16% used [0x00000000fdc80000,0x00000000fe22c980,0x00000000fff00000)
  to   space 35328K, 0% used [0x00000000fba00000,0x00000000fba00000,0x00000000fdc80000)
 ParOldGen       total 175104K, used 101029K [0x00000000e0000000, 0x00000000eab00000, 0x00000000f5580000)
  object space 175104K, 57% used [0x00000000e0000000,0x00000000e62a9678,0x00000000eab00000)
 Metaspace       used 82839K, capacity 87202K, committed 87296K, reserved 1124352K
  class space    used 11107K, capacity 11990K, committed 12032K, reserved 1048576K
}
Event: 6638.655 GC heap before
{Heap before GC invocations=24 (full 3):
 PSYoungGen      total 138240K, used 108722K [0x00000000f5580000, 0x0000000100000000, 0x0000000100000000)
  eden space 102912K, 100% used [0x00000000f5580000,0x00000000fba00000,0x00000000fba00000)
  from space 35328K, 16% used [0x00000000fdc80000,0x00000000fe22c980,0x00000000fff00000)
  to   space 35328K, 0% used [0x00000000fba00000,0x00000000fba00000,0x00000000fdc80000)
 ParOldGen       total 175104K, used 101029K [0x00000000e0000000, 0x00000000eab00000, 0x00000000f5580000)
  object space 175104K, 57% used [0x00000000e0000000,0x00000000e62a9678,0x00000000eab00000)
 Metaspace       used 85603K, capacity 89996K, committed 90112K, reserved 1126400K
  class space    used 11311K, capacity 12231K, committed 12288K, reserved 1048576K
Event: 6638.701 GC heap after
Heap after GC invocations=24 (full 3):
 PSYoungGen      total 138240K, used 13366K [0x00000000f5580000, 0x00000000ffe00000, 0x0000000100000000)
  eden space 102912K, 0% used [0x00000000f5580000,0x00000000f5580000,0x00000000fba00000)
  from space 35328K, 37% used [0x00000000fba00000,0x00000000fc70d8c0,0x00000000fdc80000)
  to   space 34304K, 0% used [0x00000000fdc80000,0x00000000fdc80000,0x00000000ffe00000)
 ParOldGen       total 175104K, used 103358K [0x00000000e0000000, 0x00000000eab00000, 0x00000000f5580000)
  object space 175104K, 59% used [0x00000000e0000000,0x00000000e64efa68,0x00000000eab00000)
 Metaspace       used 85603K, capacity 89996K, committed 90112K, reserved 1126400K
  class space    used 11311K, capacity 12231K, committed 12288K, reserved 1048576K
}

Deoptimization events (10 events):
Event: 6640.489 Thread 0x000000001ad8b000 Uncommon trap: reason=unstable_if action=reinterpret pc=0x0000000005cb8f8c method=com.sun.tools.javac.code.Symbol$MethodSymbol.binaryOverrides(Lcom/sun/tools/javac/code/Symbol;Lcom/sun/tools/javac/code/Symbol$TypeSymbol;Lcom/sun/tools/javac/code/Types;)Z 
Event: 6640.518 Thread 0x000000001ad8b000 Uncommon trap: reason=bimorphic action=maybe_recompile pc=0x0000000005ade138 method=com.sun.tools.javac.code.Types.asOuterSuper(Lcom/sun/tools/javac/code/Type;Lcom/sun/tools/javac/code/Symbol;)Lcom/sun/tools/javac/code/Type; @ 4
Event: 6640.518 Thread 0x000000001ad8b000 Uncommon trap: reason=bimorphic action=maybe_recompile pc=0x0000000005ade138 method=com.sun.tools.javac.code.Types.asOuterSuper(Lcom/sun/tools/javac/code/Type;Lcom/sun/tools/javac/code/Symbol;)Lcom/sun/tools/javac/code/Type; @ 4
Event: 6640.519 Thread 0x000000001ad8b000 Uncommon trap: reason=bimorphic action=maybe_recompile pc=0x0000000005ade138 method=com.sun.tools.javac.code.Types.asOuterSuper(Lcom/sun/tools/javac/code/Type;Lcom/sun/tools/javac/code/Symbol;)Lcom/sun/tools/javac/code/Type; @ 4
Event: 6640.519 Thread 0x000000001ad8b000 Uncommon trap: reason=bimorphic action=maybe_recompile pc=0x0000000005ade138 method=com.sun.tools.javac.code.Types.asOuterSuper(Lcom/sun/tools/javac/code/Type;Lcom/sun/tools/javac/code/Symbol;)Lcom/sun/tools/javac/code/Type; @ 4
Event: 6640.519 Thread 0x000000001ad8b000 Uncommon trap: reason=bimorphic action=maybe_recompile pc=0x0000000005ae3c48 method=com.sun.tools.javac.code.Types.asOuterSuper(Lcom/sun/tools/javac/code/Type;Lcom/sun/tools/javac/code/Symbol;)Lcom/sun/tools/javac/code/Type; @ 4
Event: 6640.589 Thread 0x000000001ad8b000 Uncommon trap: reason=bimorphic action=maybe_recompile pc=0x00000000057b37e0 method=com.sun.tools.javac.code.Types$19.visitClassType(Lcom/sun/tools/javac/code/Type$ClassType;Ljava/lang/Void;)Lcom/sun/tools/javac/util/List; @ 46
Event: 6641.875 Thread 0x0000000019a27000 Uncommon trap: reason=bimorphic action=maybe_recompile pc=0x000000000530e2f0 method=java.io.Writer.write(Ljava/lang/String;)V @ 7
Event: 6641.885 Thread 0x0000000019a27000 Uncommon trap: reason=bimorphic action=maybe_recompile pc=0x000000000530e2f0 method=java.io.Writer.write(Ljava/lang/String;)V @ 7
Event: 6642.101 Thread 0x0000000019a24800 Uncommon trap: reason=array_check action=maybe_recompile pc=0x0000000005daa21c method=com.google.common.collect.RegularImmutableMap.fromEntryArray(I[Ljava/util/Map$Entry;)Lcom/google/common/collect/ImmutableMap; @ 157

Classes redefined (0 events):
No events

Internal exceptions (10 events):
Event: 6630.969 Thread 0x0000000019a24800 Exception <a 'sun/nio/fs/WindowsException'> (0x00000000f9133e40) thrown at [C:\re\workspace\8-2-build-windows-amd64-cygwin\jdk8u191\11896\hotspot\src\share\vm\prims\jni.cpp, line 709]
Event: 6633.227 Thread 0x0000000019a26000 Implicit null exception at 0x000000000548d458 to 0x000000000548d48e
Event: 6634.166 Thread 0x0000000019a26000 Exception <a 'java/lang/NoSuchMethodError': <clinit>> (0x00000000f73f9310) thrown at [C:\re\workspace\8-2-build-windows-amd64-cygwin\jdk8u191\11896\hotspot\src\share\vm\prims\jni.cpp, line 1613]
Event: 6634.191 Thread 0x0000000019a27000 Exception <a 'sun/nio/fs/WindowsException'> (0x00000000f7506b58) thrown at [C:\re\workspace\8-2-build-windows-amd64-cygwin\jdk8u191\11896\hotspot\src\share\vm\prims\jni.cpp, line 709]
Event: 6634.195 Thread 0x0000000019a27000 Exception <a 'sun/nio/fs/WindowsException'> (0x00000000f75124d8) thrown at [C:\re\workspace\8-2-build-windows-amd64-cygwin\jdk8u191\11896\hotspot\src\share\vm\prims\jni.cpp, line 709]
Event: 6636.278 Thread 0x000000001ad89800 Implicit null exception at 0x00000000058a27e1 to 0x00000000058a3471
Event: 6638.461 Thread 0x0000000019a20000 Exception <a 'sun/nio/fs/WindowsException'> (0x00000000f746b0e8) thrown at [C:\re\workspace\8-2-build-windows-amd64-cygwin\jdk8u191\11896\hotspot\src\share\vm\prims\jni.cpp, line 709]
Event: 6638.461 Thread 0x0000000019a20000 Exception <a 'sun/nio/fs/WindowsException'> (0x00000000f746eb70) thrown at [C:\re\workspace\8-2-build-windows-amd64-cygwin\jdk8u191\11896\hotspot\src\share\vm\prims\jni.cpp, line 709]
Event: 6641.561 Thread 0x0000000019a24800 Exception <a 'sun/nio/fs/WindowsException'> (0x00000000f80ee200) thrown at [C:\re\workspace\8-2-build-windows-amd64-cygwin\jdk8u191\11896\hotspot\src\share\vm\prims\jni.cpp, line 709]
Event: 6641.561 Thread 0x0000000019a24800 Exception <a 'sun/nio/fs/WindowsException'> (0x00000000f80f1b40) thrown at [C:\re\workspace\8-2-build-windows-amd64-cygwin\jdk8u191\11896\hotspot\src\share\vm\prims\jni.cpp, line 709]

Events (10 events):
Event: 6642.192 Thread 0x000000001414a800 flushing nmethod 0x000000000554c050
Event: 6642.192 Thread 0x000000001414a800 flushing nmethod 0x000000000554ea10
Event: 6642.192 Thread 0x000000001414a800 flushing nmethod 0x0000000005550790
Event: 6642.192 Thread 0x000000001414a800 flushing nmethod 0x0000000005550b90
Event: 6642.193 Thread 0x000000001414a800 flushing nmethod 0x0000000005779c90
Event: 6642.193 Thread 0x000000001414a800 flushing nmethod 0x00000000057a8410
Event: 6642.194 Thread 0x000000001414a800 flushing nmethod 0x0000000005836e10
Event: 6642.194 Thread 0x000000001414a800 flushing nmethod 0x000000000583c5d0
Event: 6642.194 Thread 0x000000001414a800 flushing nmethod 0x000000000585b8d0
Event: 6642.194 Thread 0x000000001414a800 flushing nmethod 0x000000000589ee90


Dynamic libraries:
0x00007ff6f1ef0000 - 0x00007ff6f1f27000 	C:\Program Files\Java\jdk1.8.0_191\bin\java.exe
0x00007ffbc7ec0000 - 0x00007ffbc8081000 	C:\Windows\SYSTEM32\ntdll.dll
0x00007ffbc6fa0000 - 0x00007ffbc704d000 	C:\Windows\system32\KERNEL32.DLL
0x00007ffbc53b0000 - 0x00007ffbc558d000 	C:\Windows\system32\KERNELBASE.dll
0x00007ffbc7050000 - 0x00007ffbc70f6000 	C:\Windows\system32\ADVAPI32.dll
0x00007ffbc7260000 - 0x00007ffbc72fd000 	C:\Windows\system32\msvcrt.dll
0x00007ffbc7870000 - 0x00007ffbc78cb000 	C:\Windows\system32\sechost.dll
0x00007ffbc5660000 - 0x00007ffbc5786000 	C:\Windows\system32\RPCRT4.dll
0x00007ffbc6df0000 - 0x00007ffbc6f3e000 	C:\Windows\system32\USER32.dll
0x00007ffbc73b0000 - 0x00007ffbc7536000 	C:\Windows\system32\GDI32.dll
0x00007ffbba9b0000 - 0x00007ffbbac24000 	C:\Windows\WinSxS\amd64_microsoft.windows.common-controls_6595b64144ccf1df_6.0.10240.16384_none_f41f7b285750ef43\COMCTL32.dll
0x00007ffbc55f0000 - 0x00007ffbc5626000 	C:\Windows\system32\IMM32.DLL
0x00007ffbc7100000 - 0x00007ffbc725c000 	C:\Windows\system32\MSCTF.dll
0x0000000062cb0000 - 0x0000000062d82000 	C:\Program Files\Java\jdk1.8.0_191\jre\bin\msvcr100.dll
0x0000000062400000 - 0x0000000062ca4000 	C:\Program Files\Java\jdk1.8.0_191\jre\bin\server\jvm.dll
0x00007ffbc5790000 - 0x00007ffbc5798000 	C:\Windows\system32\PSAPI.DLL
0x00007ffbc2fb0000 - 0x00007ffbc2fb9000 	C:\Windows\SYSTEM32\WSOCK32.dll
0x00007ffbc7ca0000 - 0x00007ffbc7d09000 	C:\Windows\system32\WS2_32.dll
0x00007ffbc7540000 - 0x00007ffbc7548000 	C:\Windows\system32\NSI.dll
0x00007ffbbac70000 - 0x00007ffbbac93000 	C:\Windows\SYSTEM32\WINMM.dll
0x00007ffbbb390000 - 0x00007ffbbb39a000 	C:\Windows\SYSTEM32\VERSION.dll
0x00007ffbba950000 - 0x00007ffbba97c000 	C:\Windows\SYSTEM32\WINMMBASE.dll
0x00007ffbc4b60000 - 0x00007ffbc4ba4000 	C:\Windows\system32\cfgmgr32.dll
0x00007ffbc31a0000 - 0x00007ffbc31c7000 	C:\Windows\SYSTEM32\DEVOBJ.dll
0x00000000623f0000 - 0x00000000623ff000 	C:\Program Files\Java\jdk1.8.0_191\jre\bin\verify.dll
0x00000000623c0000 - 0x00000000623e9000 	C:\Program Files\Java\jdk1.8.0_191\jre\bin\java.dll
0x00000000623a0000 - 0x00000000623b6000 	C:\Program Files\Java\jdk1.8.0_191\jre\bin\zip.dll
0x00007ffbc58c0000 - 0x00007ffbc6de2000 	C:\Windows\system32\SHELL32.dll
0x00007ffbc4cc0000 - 0x00007ffbc52e9000 	C:\Windows\system32\windows.storage.dll
0x00007ffbc7a20000 - 0x00007ffbc7c9c000 	C:\Windows\system32\combase.dll
0x00007ffbc6f40000 - 0x00007ffbc6f91000 	C:\Windows\system32\shlwapi.dll
0x00007ffbc4930000 - 0x00007ffbc493f000 	C:\Windows\system32\kernel.appcore.dll
0x00007ffbc52f0000 - 0x00007ffbc53a3000 	C:\Windows\system32\shcore.dll
0x00007ffbc4940000 - 0x00007ffbc498a000 	C:\Windows\system32\powrprof.dll
0x00007ffbc48f0000 - 0x00007ffbc4903000 	C:\Windows\system32\profapi.dll
0x0000000062380000 - 0x000000006239a000 	C:\Program Files\Java\jdk1.8.0_191\jre\bin\net.dll
0x00007ffbc4160000 - 0x00007ffbc41bd000 	C:\Windows\system32\mswsock.dll
0x0000000062360000 - 0x0000000062371000 	C:\Program Files\Java\jdk1.8.0_191\jre\bin\nio.dll
0x00007ffbb0410000 - 0x00007ffbb0436000 	C:\Users\Fareed\.gradle\native\30\windows-amd64\native-platform.dll
0x0000000062350000 - 0x000000006235d000 	C:\Program Files\Java\jdk1.8.0_191\jre\bin\management.dll
0x00007ffbc41c0000 - 0x00007ffbc41d7000 	C:\Windows\SYSTEM32\CRYPTSP.dll
0x00007ffbc4430000 - 0x00007ffbc4458000 	C:\Windows\SYSTEM32\bcrypt.dll
0x00007ffbc3db0000 - 0x00007ffbc3de3000 	C:\Windows\system32\rsaenh.dll
0x00007ffbc3fb0000 - 0x00007ffbc3fcf000 	C:\Windows\SYSTEM32\USERENV.dll
0x00007ffbc4740000 - 0x00007ffbc47ab000 	C:\Windows\system32\bcryptprimitives.dll
0x00007ffbc4330000 - 0x00007ffbc433b000 	C:\Windows\SYSTEM32\CRYPTBASE.dll
0x00007ffbc2ac0000 - 0x00007ffbc2af8000 	C:\Windows\SYSTEM32\IPHLPAPI.DLL
0x00007ffbc2ab0000 - 0x00007ffbc2abb000 	C:\Windows\SYSTEM32\WINNSI.DLL
0x00007ffbbd100000 - 0x00007ffbbd116000 	C:\Windows\SYSTEM32\dhcpcsvc6.DLL
0x00007ffbbd0e0000 - 0x00007ffbbd0fa000 	C:\Windows\SYSTEM32\dhcpcsvc.DLL
0x0000000062320000 - 0x0000000062344000 	C:\Program Files\Java\jdk1.8.0_191\jre\bin\sunec.dll
0x00007ffbc3ea0000 - 0x00007ffbc3f48000 	C:\Windows\SYSTEM32\DNSAPI.dll
0x00007ffbbc2f0000 - 0x00007ffbbc2fa000 	C:\Windows\System32\rasadhlp.dll
0x00007ffbbcf80000 - 0x00007ffbbcfe8000 	C:\Windows\System32\fwpuclnt.dll
0x0000000062310000 - 0x000000006231b000 	C:\Program Files\Java\jdk1.8.0_191\jre\bin\sunmscapi.dll
0x00007ffbc4990000 - 0x00007ffbc4b51000 	C:\Windows\system32\CRYPT32.dll
0x00007ffbc4910000 - 0x00007ffbc4921000 	C:\Windows\system32\MSASN1.dll
0x0000000062170000 - 0x0000000062309000 	C:\Program Files\Java\jdk1.8.0_191\jre\bin\awt.dll
0x00007ffbc57a0000 - 0x00007ffbc585e000 	C:\Windows\system32\OLEAUT32.dll
0x00007ffbc3040000 - 0x00007ffbc30b8000 	C:\Windows\system32\apphelp.dll
0x00007ffbc3370000 - 0x00007ffbc3406000 	C:\Windows\system32\uxtheme.dll
0x00007ffbc1250000 - 0x00007ffbc1272000 	C:\Windows\system32\dwmapi.dll
0x00007ffbc78d0000 - 0x00007ffbc7a11000 	C:\Windows\system32\ole32.dll

VM Arguments:
jvm_args: -XX:MaxMetaspaceSize=256m -XX:+HeapDumpOnOutOfMemoryError -Xms256m -Xmx512m -Dfile.encoding=windows-1252 -Duser.country=US -Duser.language=en -Duser.variant 
java_command: org.gradle.launcher.daemon.bootstrap.GradleDaemon 6.0.1
java_class_path (initial): C:\Users\Fareed\.gradle\wrapper\dists\gradle-6.0.1-all\99d3u8wxs16ndehh90lbbir67\gradle-6.0.1\lib\gradle-launcher-6.0.1.jar
Launcher Type: SUN_STANDARD

Environment Variables:
JAVA_HOME=C:\Program Files\Java\jdk1.8.0_191
CLASSPATH=F:\Kitchan Expert\quiz_app\android\\gradle\wrapper\gradle-wrapper.jar
PATH=F:\Kitchan Expert\quiz_app\android\node_modules\.bin;F:\Kitchan Expert\quiz_app\node_modules\.bin;F:\Kitchan Expert\node_modules\.bin;F:\node_modules\.bin;C:\Program Files\nodejs;C:\Program Files (x86)\Common Files\Oracle\Java\javapath;C:\Windows\system32;C:\Windows;C:\Windows\System32\Wbem;C:\Windows\System32\WindowsPowerShell\v1.0\;C:\Program Files\Git\cmd;C:\Program Files\Git\mingw64\bin;C:\Program Files\Git\usr\bin;C:\Program Files\nodejs\;C:\Program Files (x86)\Yarn\bin\;C:\Program Files\Java\jdk1.8.0_191\bin;C:\Users\Fareed\AppData\Local\Android\Sdk\tools;C:\Users\Fareed\AppData\Local\Android\Sdk\platform-tools;C:\Users\Fareed\AppData\Local\Programs\Microsoft VS Code\bin;C:\Users\Fareed\AppData\Roaming\npm;C:\Users\Fareed\AppData\Local\Android\Sdk;C:\Users\Fareed\AppData\Local\Android\Sdk\android-25;C:\Users\Fareed\AppData\Local\GitHubDesktop\bin;C:\Users\Fareed\AppData\Local\Yarn\bin
USERNAME=Fareed
OS=Windows_NT
PROCESSOR_IDENTIFIER=Intel64 Family 6 Model 58 Stepping 9, GenuineIntel



---------------  S Y S T E M  ---------------

OS: Windows 10.0 , 64 bit Build 10240 (10.0.10240.16384)

CPU:total 4 (initial active 4) (2 cores per cpu, 2 threads per core) family 6 model 58 stepping 9, cmov, cx8, fxsr, mmx, sse, sse2, sse3, ssse3, sse4.1, sse4.2, popcnt, avx, aes, clmul, erms, ht, tsc, tscinvbit, tscinv

Memory: 4k page, physical 8250808k(1563344k free), swap 9279908k(976k free)

vm_info: Java HotSpot(TM) 64-Bit Server VM (25.191-b12) for windows-amd64 JRE (1.8.0_191-b12), built on Oct  6 2018 09:29:03 by "java_re" with MS VC++ 10.0 (VS2010)

time: Tue Jun 30 03:53:40 2020
elapsed time: 6642 seconds (0d 1h 50m 42s)

