#
# There is insufficient memory for the Java Runtime Environment to continue.
# Native memory allocation (malloc) failed to allocate 1353424 bytes for Chunk::new
# Possible reasons:
#   The system is out of physical RAM or swap space
#   In 32 bit mode, the process size limit was hit
# Possible solutions:
#   Reduce memory load on the system
#   Increase physical memory or swap space
#   Check if swap backing store is full
#   Use 64 bit Java on a 64 bit OS
#   Decrease Java heap size (-Xmx/-Xms)
#   Decrease number of Java threads
#   Decrease Java thread stack sizes (-Xss)
#   Set larger code cache with -XX:ReservedCodeCacheSize=
# This output file may be truncated or incomplete.
#
#  Out of Memory Error (allocation.cpp:390), pid=8888, tid=0x0000000000001978
#
# JRE version: Java(TM) SE Runtime Environment (8.0_191-b12) (build 1.8.0_191-b12)
# Java VM: Java HotSpot(TM) 64-Bit Server VM (25.191-b12 mixed mode windows-amd64 compressed oops)
# Failed to write core dump. Minidumps are not enabled by default on client versions of Windows
#

---------------  T H R E A D  ---------------

Current thread (0x0000000014493000):  JavaThread "C2 CompilerThread0" daemon [_thread_in_native, id=6520, stack(0x0000000015ad0000,0x0000000015bd0000)]

Stack: [0x0000000015ad0000,0x0000000015bd0000]
[error occurred during error reporting (printing stack bounds), id 0xc0000005]

Native frames: (J=compiled Java code, j=interpreted, Vv=VM code, C=native code)


Current CompileTask:
C2:  30667 5721   !   4       java.net.URLClassLoader$1::run (63 bytes)


---------------  P R O C E S S  ---------------

Java Threads: ( => current thread )
  0x000000001a998000 JavaThread "Memory manager" [_thread_blocked, id=8596, stack(0x000000001f690000,0x000000001f790000)]
  0x000000001a996800 JavaThread "Cache worker for Build Output Cleanup Cache (F:\Kitchan Expert\quiz_app\android\.gradle\buildOutputCleanup)" [_thread_blocked, id=9836, stack(0x000000001f390000,0x000000001f490000)]
  0x000000001a997000 JavaThread "Build operations Thread 4" [_thread_blocked, id=10520, stack(0x000000001ec90000,0x000000001ed90000)]
  0x000000001a995800 JavaThread "Build operations Thread 3" [_thread_blocked, id=8584, stack(0x000000001eb90000,0x000000001ec90000)]
  0x000000001a993800 JavaThread "Build operations Thread 2" [_thread_blocked, id=6436, stack(0x000000001ea90000,0x000000001eb90000)]
  0x0000000016a63000 JavaThread "Build operations" [_thread_blocked, id=2704, stack(0x000000001e990000,0x000000001ea90000)]
  0x0000000016a63800 JavaThread "Cache worker for execution history cache (C:\Users\Fareed\.gradle\caches\6.0.1\executionHistory)" [_thread_blocked, id=3872, stack(0x000000001d860000,0x000000001d960000)]
  0x0000000016a62000 JavaThread "Cache worker for cache directory md-rule (C:\Users\Fareed\.gradle\caches\6.0.1\md-rule)" [_thread_blocked, id=4796, stack(0x000000001c6d0000,0x000000001c7d0000)]
  0x0000000016a5f000 JavaThread "Cache worker for cache directory md-supplier (C:\Users\Fareed\.gradle\caches\6.0.1\md-supplier)" [_thread_blocked, id=3504, stack(0x000000001b560000,0x000000001b660000)]
  0x0000000016a61800 JavaThread "Cache worker for file hash cache (F:\Kitchan Expert\quiz_app\android\.gradle\6.0.1\fileHashes)" [_thread_blocked, id=6904, stack(0x000000001cac0000,0x000000001cbc0000)]
  0x0000000016a65000 JavaThread "Cache worker for journal cache (C:\Users\Fareed\.gradle\caches\journal-1)" [_thread_blocked, id=7416, stack(0x0000000019f90000,0x000000001a090000)]
  0x0000000016a60000 JavaThread "File lock request listener" [_thread_in_native, id=11232, stack(0x0000000019e90000,0x0000000019f90000)]
  0x0000000016a60800 JavaThread "Cache worker for file hash cache (C:\Users\Fareed\.gradle\caches\6.0.1\fileHashes)" [_thread_blocked, id=8620, stack(0x0000000019d90000,0x0000000019e90000)]
  0x0000000016c52800 JavaThread "Thread-9" [_thread_blocked, id=6832, stack(0x0000000019c90000,0x0000000019d90000)]
  0x0000000016c51800 JavaThread "Stdin handler" [_thread_blocked, id=5960, stack(0x0000000019b90000,0x0000000019c90000)]
  0x0000000016e63800 JavaThread "Asynchronous log dispatcher for DefaultDaemonConnection: socket connection from /127.0.0.1:59474 to /127.0.0.1:59475" [_thread_blocked, id=6692, stack(0x0000000019a90000,0x0000000019b90000)]
  0x0000000016e62800 JavaThread "Daemon worker" [_thread_in_Java, id=4748, stack(0x0000000019790000,0x0000000019890000)]
  0x0000000016e62000 JavaThread "Cancel handler" [_thread_blocked, id=8852, stack(0x0000000019690000,0x0000000019790000)]
  0x0000000016b7a800 JavaThread "Handler for socket connection from /127.0.0.1:59474 to /127.0.0.1:59475" [_thread_in_native, id=9604, stack(0x0000000019590000,0x0000000019690000)]
  0x0000000016b74800 JavaThread "Daemon" [_thread_blocked, id=6588, stack(0x0000000019490000,0x0000000019590000)]
  0x00000000170bb000 JavaThread "Daemon periodic checks" [_thread_blocked, id=9832, stack(0x0000000019390000,0x0000000019490000)]
  0x0000000017e44000 JavaThread "Incoming local TCP Connector on port 59474" [_thread_in_native, id=7260, stack(0x00000000191b0000,0x00000000192b0000)]
  0x0000000017dc7800 JavaThread "Daemon health stats" [_thread_blocked, id=6116, stack(0x0000000018b70000,0x0000000018c70000)]
  0x00000000144ee800 JavaThread "Service Thread" daemon [_thread_blocked, id=3468, stack(0x00000000161d0000,0x00000000162d0000)]
  0x00000000144e7000 JavaThread "C1 CompilerThread2" daemon [_thread_blocked, id=7860, stack(0x0000000015cd0000,0x0000000015dd0000)]
  0x0000000014496000 JavaThread "C2 CompilerThread1" daemon [_thread_in_native, id=300, stack(0x0000000015bd0000,0x0000000015cd0000)]
=>0x0000000014493000 JavaThread "C2 CompilerThread0" daemon [_thread_in_native, id=6520, stack(0x0000000015ad0000,0x0000000015bd0000)]
  0x0000000014491000 JavaThread "Attach Listener" daemon [_thread_blocked, id=9356, stack(0x00000000159d0000,0x0000000015ad0000)]
  0x000000001448f800 JavaThread "Signal Dispatcher" daemon [_thread_blocked, id=8616, stack(0x00000000158d0000,0x00000000159d0000)]
  0x000000000311c000 JavaThread "Finalizer" daemon [_thread_blocked, id=7952, stack(0x00000000156f0000,0x00000000157f0000)]
  0x000000001447a000 JavaThread "Reference Handler" daemon [_thread_blocked, id=6276, stack(0x00000000155f0000,0x00000000156f0000)]
  0x000000000301e000 JavaThread "main" [_thread_blocked, id=8048, stack(0x0000000002e20000,0x0000000002f20000)]

Other Threads:
  0x0000000014457800 VMThread [stack: 0x00000000154f0000,0x00000000155f0000] [id=8832]
  0x0000000015dfc800 WatcherThread [stack: 0x00000000162d0000,0x00000000163d0000] [id=8372]

VM state:not at safepoint (normal execution)

VM Mutex/Monitor currently owned by a thread: None

Heap:
 PSYoungGen      total 149504K, used 72513K [0x00000000f5580000, 0x0000000100000000, 0x0000000100000000)
  eden space 126464K, 57% used [0x00000000f5580000,0x00000000f9c505d0,0x00000000fd100000)
  from space 23040K, 0% used [0x00000000fe980000,0x00000000fe980000,0x0000000100000000)
  to   space 24064K, 0% used [0x00000000fd100000,0x00000000fd100000,0x00000000fe880000)
 ParOldGen       total 245760K, used 37315K [0x00000000e0000000, 0x00000000ef000000, 0x00000000f5580000)
  object space 245760K, 15% used [0x00000000e0000000,0x00000000e2470ee0,0x00000000ef000000)
 Metaspace       used 60108K, capacity 62556K, committed 62848K, reserved 1103872K
  class space    used 8468K, capacity 9047K, committed 9088K, reserved 1048576K

Card table byte_map: [0x00000000124e0000,0x00000000125f0000] byte_map_base: 0x0000000011de0000

Marking Bits: (ParMarkBitMap*) 0x0000000062c23e30
 Begin Bits: [0x00000000129f0000, 0x00000000131f0000)
 End Bits:   [0x00000000131f0000, 0x00000000139f0000)

Polling page: 0x00000000011d0000

CodeCache: size=245760Kb used=18683Kb max_used=18683Kb free=227076Kb
 bounds [0x0000000003120000, 0x0000000004380000, 0x0000000012120000]
 total_blobs=6189 nmethods=5389 adapters=711
 compilation: enabled

Compilation events (10 events):
Event: 30.567 Thread 0x00000000144e7000 5928       3       org.codehaus.groovy.runtime.metaclass.ClosureMetaClass::getDelegateMethod (181 bytes)
Event: 30.568 Thread 0x00000000144e7000 nmethod 5928 0x0000000003a8b150 code [0x0000000003a8b3c0, 0x0000000003a8c618]
Event: 30.571 Thread 0x00000000144e7000 5929       3       org.gradle.cache.internal.DefaultCrossBuildInMemoryCacheFactory$DefaultCrossBuildInMemoryCache::retainValue (20 bytes)
Event: 30.572 Thread 0x00000000144e7000 nmethod 5929 0x0000000003a8a910 code [0x0000000003a8aaa0, 0x0000000003a8af08]
Event: 30.572 Thread 0x00000000144e7000 5930       3       java.util.Set::spliterator (6 bytes)
Event: 30.572 Thread 0x00000000144e7000 nmethod 5930 0x0000000003a8a210 code [0x0000000003a8a3a0, 0x0000000003a8a738]
Event: 30.596 Thread 0x00000000144e7000 5931       3       groovy.lang.MetaClassImpl::populateMethods (400 bytes)
Event: 30.600 Thread 0x00000000144e7000 nmethod 5931 0x0000000003a56090 code [0x0000000003a56540, 0x0000000003a59438]
Event: 30.608 Thread 0x00000000144e7000 5932       3       org.gradle.internal.metaobject.BeanDynamicObject$MetaClassAdapter::inferTypes (60 bytes)
Event: 30.609 Thread 0x00000000144e7000 nmethod 5932 0x0000000003a89790 code [0x0000000003a89920, 0x0000000003a89fd0]

GC Heap History (10 events):
Event: 20.282 GC heap before
{Heap before GC invocations=9 (full 2):
 PSYoungGen      total 107008K, used 93696K [0x00000000f5580000, 0x00000000fd180000, 0x0000000100000000)
  eden space 93696K, 100% used [0x00000000f5580000,0x00000000fb100000,0x00000000fb100000)
  from space 13312K, 0% used [0x00000000fbe80000,0x00000000fbe80000,0x00000000fcb80000)
  to   space 13824K, 0% used [0x00000000fb100000,0x00000000fb100000,0x00000000fbe80000)
 ParOldGen       total 187904K, used 17744K [0x00000000e0000000, 0x00000000eb780000, 0x00000000f5580000)
  object space 187904K, 9% used [0x00000000e0000000,0x00000000e11541a8,0x00000000eb780000)
 Metaspace       used 43199K, capacity 44454K, committed 44800K, reserved 1087488K
  class space    used 5975K, capacity 6316K, committed 6400K, reserved 1048576K
Event: 20.295 GC heap after
Heap after GC invocations=9 (full 2):
 PSYoungGen      total 107520K, used 12017K [0x00000000f5580000, 0x00000000ff400000, 0x0000000100000000)
  eden space 93696K, 0% used [0x00000000f5580000,0x00000000f5580000,0x00000000fb100000)
  from space 13824K, 86% used [0x00000000fb100000,0x00000000fbcbc578,0x00000000fbe80000)
  to   space 14848K, 0% used [0x00000000fe580000,0x00000000fe580000,0x00000000ff400000)
 ParOldGen       total 187904K, used 17752K [0x00000000e0000000, 0x00000000eb780000, 0x00000000f5580000)
  object space 187904K, 9% used [0x00000000e0000000,0x00000000e11561a8,0x00000000eb780000)
 Metaspace       used 43199K, capacity 44454K, committed 44800K, reserved 1087488K
  class space    used 5975K, capacity 6316K, committed 6400K, reserved 1048576K
}
Event: 25.584 GC heap before
{Heap before GC invocations=10 (full 2):
 PSYoungGen      total 107520K, used 105713K [0x00000000f5580000, 0x00000000ff400000, 0x0000000100000000)
  eden space 93696K, 100% used [0x00000000f5580000,0x00000000fb100000,0x00000000fb100000)
  from space 13824K, 86% used [0x00000000fb100000,0x00000000fbcbc578,0x00000000fbe80000)
  to   space 14848K, 0% used [0x00000000fe580000,0x00000000fe580000,0x00000000ff400000)
 ParOldGen       total 187904K, used 17752K [0x00000000e0000000, 0x00000000eb780000, 0x00000000f5580000)
  object space 187904K, 9% used [0x00000000e0000000,0x00000000e11561a8,0x00000000eb780000)
 Metaspace       used 47688K, capacity 49202K, committed 49280K, reserved 1091584K
  class space    used 6597K, capacity 7026K, committed 7040K, reserved 1048576K
Event: 25.608 GC heap after
Heap after GC invocations=10 (full 2):
 PSYoungGen      total 144896K, used 14846K [0x00000000f5580000, 0x00000000ff580000, 0x0000000100000000)
  eden space 130048K, 0% used [0x00000000f5580000,0x00000000f5580000,0x00000000fd480000)
  from space 14848K, 99% used [0x00000000fe580000,0x00000000ff3ffa68,0x00000000ff400000)
  to   space 16896K, 0% used [0x00000000fd480000,0x00000000fd480000,0x00000000fe500000)
 ParOldGen       total 187904K, used 18770K [0x00000000e0000000, 0x00000000eb780000, 0x00000000f5580000)
  object space 187904K, 9% used [0x00000000e0000000,0x00000000e12549c0,0x00000000eb780000)
 Metaspace       used 47688K, capacity 49202K, committed 49280K, reserved 1091584K
  class space    used 6597K, capacity 7026K, committed 7040K, reserved 1048576K
}
Event: 28.700 GC heap before
{Heap before GC invocations=11 (full 2):
 PSYoungGen      total 144896K, used 144894K [0x00000000f5580000, 0x00000000ff580000, 0x0000000100000000)
  eden space 130048K, 100% used [0x00000000f5580000,0x00000000fd480000,0x00000000fd480000)
  from space 14848K, 99% used [0x00000000fe580000,0x00000000ff3ffa68,0x00000000ff400000)
  to   space 16896K, 0% used [0x00000000fd480000,0x00000000fd480000,0x00000000fe500000)
 ParOldGen       total 187904K, used 18770K [0x00000000e0000000, 0x00000000eb780000, 0x00000000f5580000)
  object space 187904K, 9% used [0x00000000e0000000,0x00000000e12549c0,0x00000000eb780000)
 Metaspace       used 56493K, capacity 58784K, committed 59008K, reserved 1099776K
  class space    used 7884K, capacity 8457K, committed 8576K, reserved 1048576K
Event: 28.742 GC heap after
Heap after GC invocations=11 (full 2):
 PSYoungGen      total 146944K, used 16866K [0x00000000f5580000, 0x0000000100000000, 0x0000000100000000)
  eden space 130048K, 0% used [0x00000000f5580000,0x00000000f5580000,0x00000000fd480000)
  from space 16896K, 99% used [0x00000000fd480000,0x00000000fe4f8aa8,0x00000000fe500000)
  to   space 23040K, 0% used [0x00000000fe980000,0x00000000fe980000,0x0000000100000000)
 ParOldGen       total 187904K, used 29140K [0x00000000e0000000, 0x00000000eb780000, 0x00000000f5580000)
  object space 187904K, 15% used [0x00000000e0000000,0x00000000e1c75170,0x00000000eb780000)
 Metaspace       used 56493K, capacity 58784K, committed 59008K, reserved 1099776K
  class space    used 7884K, capacity 8457K, committed 8576K, reserved 1048576K
}
Event: 29.023 GC heap before
{Heap before GC invocations=12 (full 2):
 PSYoungGen      total 146944K, used 26880K [0x00000000f5580000, 0x0000000100000000, 0x0000000100000000)
  eden space 130048K, 7% used [0x00000000f5580000,0x00000000f5f47818,0x00000000fd480000)
  from space 16896K, 99% used [0x00000000fd480000,0x00000000fe4f8aa8,0x00000000fe500000)
  to   space 23040K, 0% used [0x00000000fe980000,0x00000000fe980000,0x0000000100000000)
 ParOldGen       total 187904K, used 29140K [0x00000000e0000000, 0x00000000eb780000, 0x00000000f5580000)
  object space 187904K, 15% used [0x00000000e0000000,0x00000000e1c75170,0x00000000eb780000)
 Metaspace       used 56748K, capacity 59076K, committed 59160K, reserved 1099776K
  class space    used 7916K, capacity 8505K, committed 8576K, reserved 1048576K
Event: 29.060 GC heap after
Heap after GC invocations=12 (full 2):
 PSYoungGen      total 149504K, used 18513K [0x00000000f5580000, 0x0000000100000000, 0x0000000100000000)
  eden space 126464K, 0% used [0x00000000f5580000,0x00000000f5580000,0x00000000fd100000)
  from space 23040K, 80% used [0x00000000fe980000,0x00000000ffb947e8,0x0000000100000000)
  to   space 24064K, 0% used [0x00000000fd100000,0x00000000fd100000,0x00000000fe880000)
 ParOldGen       total 187904K, used 29140K [0x00000000e0000000, 0x00000000eb780000, 0x00000000f5580000)
  object space 187904K, 15% used [0x00000000e0000000,0x00000000e1c75170,0x00000000eb780000)
 Metaspace       used 56748K, capacity 59076K, committed 59160K, reserved 1099776K
  class space    used 7916K, capacity 8505K, committed 8576K, reserved 1048576K
}
Event: 29.060 GC heap before
{Heap before GC invocations=13 (full 3):
 PSYoungGen      total 149504K, used 18513K [0x00000000f5580000, 0x0000000100000000, 0x0000000100000000)
  eden space 126464K, 0% used [0x00000000f5580000,0x00000000f5580000,0x00000000fd100000)
  from space 23040K, 80% used [0x00000000fe980000,0x00000000ffb947e8,0x0000000100000000)
  to   space 24064K, 0% used [0x00000000fd100000,0x00000000fd100000,0x00000000fe880000)
 ParOldGen       total 187904K, used 29140K [0x00000000e0000000, 0x00000000eb780000, 0x00000000f5580000)
  object space 187904K, 15% used [0x00000000e0000000,0x00000000e1c75170,0x00000000eb780000)
 Metaspace       used 56748K, capacity 59076K, committed 59160K, reserved 1099776K
  class space    used 7916K, capacity 8505K, committed 8576K, reserved 1048576K
Event: 29.439 GC heap after
Heap after GC invocations=13 (full 3):
 PSYoungGen      total 149504K, used 0K [0x00000000f5580000, 0x0000000100000000, 0x0000000100000000)
  eden space 126464K, 0% used [0x00000000f5580000,0x00000000f5580000,0x00000000fd100000)
  from space 23040K, 0% used [0x00000000fe980000,0x00000000fe980000,0x0000000100000000)
  to   space 24064K, 0% used [0x00000000fd100000,0x00000000fd100000,0x00000000fe880000)
 ParOldGen       total 245760K, used 37315K [0x00000000e0000000, 0x00000000ef000000, 0x00000000f5580000)
  object space 245760K, 15% used [0x00000000e0000000,0x00000000e2470ee0,0x00000000ef000000)
 Metaspace       used 56739K, capacity 59046K, committed 59160K, reserved 1099776K
  class space    used 7913K, capacity 8500K, committed 8576K, reserved 1048576K
}

Deoptimization events (10 events):
Event: 29.512 Thread 0x0000000016e62800 Uncommon trap: reason=bimorphic action=maybe_recompile pc=0x0000000003e21a3c method=java.util.regex.Pattern$5.isSatisfiedBy(I)Z @ 16
Event: 30.073 Thread 0x0000000016e62800 Uncommon trap: reason=unstable_if action=reinterpret pc=0x00000000037dfb3c method=sun.misc.MetaIndex.mayContain(Ljava/lang/String;)Z @ 38
Event: 30.089 Thread 0x0000000016e62800 Uncommon trap: reason=unstable_if action=reinterpret pc=0x00000000033afd14 method=sun.misc.MetaIndex.mayContain(Ljava/lang/String;)Z @ 38
Event: 30.091 Thread 0x0000000016e62800 Uncommon trap: reason=unstable_if action=reinterpret pc=0x000000000429b884 method=java.lang.reflect.Modifier.toString(I)Ljava/lang/String; @ 11
Event: 30.225 Thread 0x0000000016e62800 Uncommon trap: reason=unstable_if action=reinterpret pc=0x00000000036e3ca8 method=java.util.regex.Pattern$BmpCharProperty.match(Ljava/util/regex/Matcher;ILjava/lang/CharSequence;)Z @ 34
Event: 30.251 Thread 0x0000000016e62800 Uncommon trap: reason=unstable_if action=reinterpret pc=0x000000000414fec4 method=com.sun.org.apache.xerces.internal.impl.XMLEntityScanner.skipSpaces()Z @ 14
Event: 30.252 Thread 0x0000000016e62800 Uncommon trap: reason=unstable_if action=reinterpret pc=0x000000000413bdf0 method=com.sun.org.apache.xerces.internal.impl.XMLEntityScanner.scanLiteral(ILcom/sun/org/apache/xerces/internal/xni/XMLString;Z)I @ 660
Event: 30.273 Thread 0x0000000016e62800 Uncommon trap: reason=unstable_if action=reinterpret pc=0x000000000413d900 method=com.sun.org.apache.xerces.internal.util.SymbolTable.addSymbol([CII)Ljava/lang/String; @ 38
Event: 30.335 Thread 0x0000000016e62800 Uncommon trap: reason=unstable_if action=reinterpret pc=0x000000000336f9c4 method=org.apache.commons.io.FilenameUtils.doNormalize(Ljava/lang/String;CZ)Ljava/lang/String; @ 219
Event: 30.336 Thread 0x0000000016e62800 Uncommon trap: reason=unstable_if action=reinterpret pc=0x0000000004349e60 method=org.apache.commons.io.FilenameUtils.doNormalize(Ljava/lang/String;CZ)Ljava/lang/String; @ 219

Classes redefined (0 events):
No events

Internal exceptions (10 events):
Event: 30.600 Thread 0x0000000016e62800 Exception <a 'java/lang/ClassNotFoundException': org/gradle/api/tasks/UploadCustomizer> (0x00000000f94b6198) thrown at [C:\re\workspace\8-2-build-windows-amd64-cygwin\jdk8u191\11896\hotspot\src\share\vm\classfile\systemDictionary.cpp, line 210]
Event: 30.603 Thread 0x0000000016e62800 Exception <a 'java/lang/ClassNotFoundException': org/gradle/api/tasks/Upload_DecoratedCustomizer> (0x00000000f94fd578) thrown at [C:\re\workspace\8-2-build-windows-amd64-cygwin\jdk8u191\11896\hotspot\src\share\vm\classfile\systemDictionary.cpp, line 210]
Event: 30.612 Thread 0x0000000016e62800 Exception <a 'java/lang/ClassNotFoundException': org/gradle/api/publication/maven/internal/DefaultMavenRepositoryHandlerConventionBeanInfo> (0x00000000f95bbd80) thrown at [C:\re\workspace\8-2-build-windows-amd64-cygwin\jdk8u191\11896\hotspot\src\share\vm\
Event: 30.613 Thread 0x0000000016e62800 Exception <a 'java/lang/ClassNotFoundException': org/gradle/api/publication/maven/internal/DefaultMavenRepositoryHandlerConventionCustomizer> (0x00000000f95fec40) thrown at [C:\re\workspace\8-2-build-windows-amd64-cygwin\jdk8u191\11896\hotspot\src\share\v
Event: 30.647 Thread 0x0000000016e62800 Exception <a 'java/lang/ClassNotFoundException': org/gradle/api/publication/maven/internal/deployer/DefaultGroovyMavenDeployerBeanInfo> (0x00000000f9916900) thrown at [C:\re\workspace\8-2-build-windows-amd64-cygwin\jdk8u191\11896\hotspot\src\share\vm\clas
Event: 30.648 Thread 0x0000000016e62800 Exception <a 'java/lang/ClassNotFoundException': org/gradle/api/publication/maven/internal/deployer/BaseMavenDeployerBeanInfo> (0x00000000f9951e98) thrown at [C:\re\workspace\8-2-build-windows-amd64-cygwin\jdk8u191\11896\hotspot\src\share\vm\classfile\sys
Event: 30.649 Thread 0x0000000016e62800 Exception <a 'java/lang/ClassNotFoundException': org/gradle/api/publication/maven/internal/deployer/AbstractMavenResolverBeanInfo> (0x00000000f998f6c0) thrown at [C:\re\workspace\8-2-build-windows-amd64-cygwin\jdk8u191\11896\hotspot\src\share\vm\classfile
Event: 30.650 Thread 0x0000000016e62800 Exception <a 'java/lang/ClassNotFoundException': org/gradle/api/publication/maven/internal/deployer/AbstractMavenResolverCustomizer> (0x00000000f99ccea0) thrown at [C:\re\workspace\8-2-build-windows-amd64-cygwin\jdk8u191\11896\hotspot\src\share\vm\classfi
Event: 30.653 Thread 0x0000000016e62800 Exception <a 'java/lang/ClassNotFoundException': org/gradle/api/publication/maven/internal/deployer/BaseMavenDeployerCustomizer> (0x00000000f9a40e78) thrown at [C:\re\workspace\8-2-build-windows-amd64-cygwin\jdk8u191\11896\hotspot\src\share\vm\classfile\s
Event: 30.655 Thread 0x0000000016e62800 Exception <a 'java/lang/ClassNotFoundException': org/gradle/api/publication/maven/internal/deployer/DefaultGroovyMavenDeployerCustomizer> (0x00000000f9abb380) thrown at [C:\re\workspace\8-2-build-windows-amd64-cygwin\jdk8u191\11896\hotspot\src\share\vm\cl

Events (10 events):
Event: 30.659 loading class org/apache/maven/wagon/authentication/AuthenticationInfo
Event: 30.659 loading class org/apache/maven/wagon/authentication/AuthenticationInfo done
Event: 30.660 loading class org/apache/maven/artifact/ant/Proxy
Event: 30.660 loading class org/apache/maven/artifact/ant/Proxy done
Event: 30.661 loading class org/apache/maven/wagon/proxy/ProxyInfo
Event: 30.661 loading class org/apache/maven/wagon/proxy/ProxyInfo done
Event: 30.662 loading class org/apache/maven/artifact/ant/RepositoryPolicy
Event: 30.662 loading class org/apache/maven/artifact/ant/RepositoryPolicy done
Event: 30.663 loading class org/gradle/api/publication/maven/internal/deployer/MavenRemoteRepositoryBeanInfo
Event: 30.663 loading class org/gradle/api/publication/maven/internal/deployer/MavenRemoteRepositoryBeanInfo done


Dynamic libraries:
0x00007ff6f1ef0000 - 0x00007ff6f1f27000 	C:\Program Files\Java\jdk1.8.0_191\bin\java.exe
0x00007ffbc7ec0000 - 0x00007ffbc8081000 	C:\Windows\SYSTEM32\ntdll.dll
0x00007ffbc6fa0000 - 0x00007ffbc704d000 	C:\Windows\system32\KERNEL32.DLL
0x00007ffbc53b0000 - 0x00007ffbc558d000 	C:\Windows\system32\KERNELBASE.dll
0x00007ffbc7050000 - 0x00007ffbc70f6000 	C:\Windows\system32\ADVAPI32.dll
0x00007ffbc7260000 - 0x00007ffbc72fd000 	C:\Windows\system32\msvcrt.dll
0x00007ffbc7870000 - 0x00007ffbc78cb000 	C:\Windows\system32\sechost.dll
0x00007ffbc5660000 - 0x00007ffbc5786000 	C:\Windows\system32\RPCRT4.dll
0x00007ffbc6df0000 - 0x00007ffbc6f3e000 	C:\Windows\system32\USER32.dll
0x00007ffbc73b0000 - 0x00007ffbc7536000 	C:\Windows\system32\GDI32.dll
0x00007ffbba9b0000 - 0x00007ffbbac24000 	C:\Windows\WinSxS\amd64_microsoft.windows.common-controls_6595b64144ccf1df_6.0.10240.16384_none_f41f7b285750ef43\COMCTL32.dll
0x00007ffbc55f0000 - 0x00007ffbc5626000 	C:\Windows\system32\IMM32.DLL
0x00007ffbc7100000 - 0x00007ffbc725c000 	C:\Windows\system32\MSCTF.dll
0x0000000062cb0000 - 0x0000000062d82000 	C:\Program Files\Java\jdk1.8.0_191\jre\bin\msvcr100.dll
0x0000000062400000 - 0x0000000062ca4000 	C:\Program Files\Java\jdk1.8.0_191\jre\bin\server\jvm.dll
0x00007ffbc5790000 - 0x00007ffbc5798000 	C:\Windows\system32\PSAPI.DLL
0x00007ffbbac70000 - 0x00007ffbbac93000 	C:\Windows\SYSTEM32\WINMM.dll
0x00007ffbbc9e0000 - 0x00007ffbbc9e9000 	C:\Windows\SYSTEM32\WSOCK32.dll
0x00007ffbc7ca0000 - 0x00007ffbc7d09000 	C:\Windows\system32\WS2_32.dll
0x00007ffbba950000 - 0x00007ffbba97c000 	C:\Windows\SYSTEM32\WINMMBASE.dll
0x00007ffbbb390000 - 0x00007ffbbb39a000 	C:\Windows\SYSTEM32\VERSION.dll
0x00007ffbc4b60000 - 0x00007ffbc4ba4000 	C:\Windows\system32\cfgmgr32.dll
0x00007ffbc7540000 - 0x00007ffbc7548000 	C:\Windows\system32\NSI.dll
0x00007ffbc31a0000 - 0x00007ffbc31c7000 	C:\Windows\SYSTEM32\DEVOBJ.dll
0x00000000623f0000 - 0x00000000623ff000 	C:\Program Files\Java\jdk1.8.0_191\jre\bin\verify.dll
0x00000000623c0000 - 0x00000000623e9000 	C:\Program Files\Java\jdk1.8.0_191\jre\bin\java.dll
0x00000000623a0000 - 0x00000000623b6000 	C:\Program Files\Java\jdk1.8.0_191\jre\bin\zip.dll
0x00007ffbc58c0000 - 0x00007ffbc6de2000 	C:\Windows\system32\SHELL32.dll
0x00007ffbc4cc0000 - 0x00007ffbc52e9000 	C:\Windows\system32\windows.storage.dll
0x00007ffbc7a20000 - 0x00007ffbc7c9c000 	C:\Windows\system32\combase.dll
0x00007ffbc6f40000 - 0x00007ffbc6f91000 	C:\Windows\system32\shlwapi.dll
0x00007ffbc4930000 - 0x00007ffbc493f000 	C:\Windows\system32\kernel.appcore.dll
0x00007ffbc52f0000 - 0x00007ffbc53a3000 	C:\Windows\system32\shcore.dll
0x00007ffbc4940000 - 0x00007ffbc498a000 	C:\Windows\system32\powrprof.dll
0x00007ffbc48f0000 - 0x00007ffbc4903000 	C:\Windows\system32\profapi.dll
0x0000000062380000 - 0x000000006239a000 	C:\Program Files\Java\jdk1.8.0_191\jre\bin\net.dll
0x00007ffbc4160000 - 0x00007ffbc41bd000 	C:\Windows\system32\mswsock.dll
0x0000000062360000 - 0x0000000062371000 	C:\Program Files\Java\jdk1.8.0_191\jre\bin\nio.dll
0x00007ffbba460000 - 0x00007ffbba486000 	C:\Users\Fareed\.gradle\native\30\windows-amd64\native-platform.dll
0x0000000062350000 - 0x000000006235d000 	C:\Program Files\Java\jdk1.8.0_191\jre\bin\management.dll
0x00007ffbc41c0000 - 0x00007ffbc41d7000 	C:\Windows\SYSTEM32\CRYPTSP.dll
0x00007ffbc4430000 - 0x00007ffbc4458000 	C:\Windows\SYSTEM32\bcrypt.dll
0x00007ffbc3db0000 - 0x00007ffbc3de3000 	C:\Windows\system32\rsaenh.dll
0x00007ffbc3fb0000 - 0x00007ffbc3fcf000 	C:\Windows\SYSTEM32\USERENV.dll
0x00007ffbc4740000 - 0x00007ffbc47ab000 	C:\Windows\system32\bcryptprimitives.dll
0x00007ffbc4330000 - 0x00007ffbc433b000 	C:\Windows\SYSTEM32\CRYPTBASE.dll
0x00007ffbc2ac0000 - 0x00007ffbc2af8000 	C:\Windows\SYSTEM32\IPHLPAPI.DLL
0x00007ffbc2ab0000 - 0x00007ffbc2abb000 	C:\Windows\SYSTEM32\WINNSI.DLL
0x00007ffbbd100000 - 0x00007ffbbd116000 	C:\Windows\SYSTEM32\dhcpcsvc6.DLL
0x00007ffbbd0e0000 - 0x00007ffbbd0fa000 	C:\Windows\SYSTEM32\dhcpcsvc.DLL

VM Arguments:
jvm_args: -XX:MaxMetaspaceSize=256m -XX:+HeapDumpOnOutOfMemoryError -Xms256m -Xmx512m -Dfile.encoding=windows-1252 -Duser.country=US -Duser.language=en -Duser.variant 
java_command: org.gradle.launcher.daemon.bootstrap.GradleDaemon 6.0.1
java_class_path (initial): C:\Users\Fareed\.gradle\wrapper\dists\gradle-6.0.1-all\99d3u8wxs16ndehh90lbbir67\gradle-6.0.1\lib\gradle-launcher-6.0.1.jar
Launcher Type: SUN_STANDARD

Environment Variables:
JAVA_HOME=C:\Program Files\Java\jdk1.8.0_191
CLASSPATH=F:\Kitchan Expert\quiz_app\android\\gradle\wrapper\gradle-wrapper.jar
PATH=F:\Kitchan Expert\quiz_app\android\node_modules\.bin;F:\Kitchan Expert\quiz_app\node_modules\.bin;F:\Kitchan Expert\node_modules\.bin;F:\node_modules\.bin;C:\Program Files\nodejs;C:\Program Files (x86)\Common Files\Oracle\Java\javapath;C:\Windows\system32;C:\Windows;C:\Windows\System32\Wbem;C:\Windows\System32\WindowsPowerShell\v1.0\;C:\Program Files\Git\cmd;C:\Program Files\Git\mingw64\bin;C:\Program Files\Git\usr\bin;C:\Program Files\nodejs\;C:\Program Files (x86)\Yarn\bin\;C:\Program Files\Java\jdk1.8.0_191\bin;C:\Users\Fareed\AppData\Local\Android\Sdk\tools;C:\Users\Fareed\AppData\Local\Android\Sdk\platform-tools;C:\Users\Fareed\AppData\Local\Programs\Microsoft VS Code\bin;C:\Users\Fareed\AppData\Roaming\npm;C:\Users\Fareed\AppData\Local\Android\Sdk;C:\Users\Fareed\AppData\Local\Android\Sdk\android-25;C:\Users\Fareed\AppData\Local\GitHubDesktop\bin;C:\Users\Fareed\AppData\Local\Yarn\bin
USERNAME=Fareed
OS=Windows_NT
PROCESSOR_IDENTIFIER=Intel64 Family 6 Model 58 Stepping 9, GenuineIntel



---------------  S Y S T E M  ---------------

OS: Windows 10.0 , 64 bit Build 10240 (10.0.10240.16384)

CPU:total 4 (initial active 4) (2 cores per cpu, 2 threads per core) family 6 model 58 stepping 9, cmov, cx8, fxsr, mmx, sse, sse2, sse3, ssse3, sse4.1, sse4.2, popcnt, avx, aes, clmul, erms, ht, tsc, tscinvbit, tscinv

Memory: 4k page, physical 8250808k(1316744k free), swap 9279908k(4488k free)

vm_info: Java HotSpot(TM) 64-Bit Server VM (25.191-b12) for windows-amd64 JRE (1.8.0_191-b12), built on Oct  6 2018 09:29:03 by "java_re" with MS VC++ 10.0 (VS2010)

time: Tue Jun 30 03:56:34 2020
elapsed time: 30 seconds (0d 0h 0m 30s)

