#
# There is insufficient memory for the Java Runtime Environment to continue.
# Native memory allocation (malloc) failed to allocate 32744 bytes for ChunkPool::allocate
# Possible reasons:
#   The system is out of physical RAM or swap space
#   In 32 bit mode, the process size limit was hit
# Possible solutions:
#   Reduce memory load on the system
#   Increase physical memory or swap space
#   Check if swap backing store is full
#   Use 64 bit Java on a 64 bit OS
#   Decrease Java heap size (-Xmx/-Xms)
#   Decrease number of Java threads
#   Decrease Java thread stack sizes (-Xss)
#   Set larger code cache with -XX:ReservedCodeCacheSize=
# This output file may be truncated or incomplete.
#
#  Out of Memory Error (allocation.cpp:273), pid=6592, tid=0x0000000000000f28
#
# JRE version: Java(TM) SE Runtime Environment (8.0_191-b12) (build 1.8.0_191-b12)
# Java VM: Java HotSpot(TM) 64-Bit Server VM (25.191-b12 mixed mode windows-amd64 compressed oops)
# Failed to write core dump. Minidumps are not enabled by default on client versions of Windows
#

---------------  T H R E A D  ---------------

Current thread (0x00000000134a1800):  JavaThread "C2 CompilerThread0" daemon [_thread_in_native, id=3880, stack(0x0000000014ae0000,0x0000000014be0000)]

Stack: [0x0000000014ae0000,0x0000000014be0000]
[error occurred during error reporting (printing stack bounds), id 0xc0000005]

Native frames: (J=compiled Java code, j=interpreted, Vv=VM code, C=native code)


Current CompileTask:
C2: 207039 5574       4       groovy.lang.MetaClassImpl$1MOPIter::methodNameAction (325 bytes)


---------------  P R O C E S S  ---------------

Java Threads: ( => current thread )
  0x00000000151c8000 JavaThread "Memory manager" [_thread_blocked, id=5532, stack(0x0000000020350000,0x0000000020450000)]
  0x00000000151c7800 JavaThread "Cache worker for Build Output Cleanup Cache (F:\Kitchan Expert\quiz_app\android\.gradle\buildOutputCleanup)" [_thread_blocked, id=7896, stack(0x000000001fc50000,0x000000001fd50000)]
  0x00000000151c0000 JavaThread "Build operations Thread 4" [_thread_blocked, id=11096, stack(0x000000001fb50000,0x000000001fc50000)]
  0x00000000151c6800 JavaThread "Build operations Thread 3" [_thread_blocked, id=436, stack(0x000000001fa50000,0x000000001fb50000)]
  0x00000000151c6000 JavaThread "Build operations Thread 2" [_thread_blocked, id=5508, stack(0x000000001f350000,0x000000001f450000)]
  0x00000000151c3000 JavaThread "Build operations" [_thread_blocked, id=6248, stack(0x000000001ec50000,0x000000001ed50000)]
  0x00000000151be800 JavaThread "Cache worker for cache directory md-rule (C:\Users\Fareed\.gradle\caches\6.0.1\md-rule)" [_thread_blocked, id=9340, stack(0x000000001eb50000,0x000000001ec50000)]
  0x00000000151c5000 JavaThread "Cache worker for cache directory md-supplier (C:\Users\Fareed\.gradle\caches\6.0.1\md-supplier)" [_thread_blocked, id=6152, stack(0x000000001ea50000,0x000000001eb50000)]
  0x00000000151c4800 JavaThread "Cache worker for file hash cache (F:\Kitchan Expert\quiz_app\android\.gradle\6.0.1\fileHashes)" [_thread_blocked, id=8656, stack(0x000000001d920000,0x000000001da20000)]
  0x00000000151bf000 JavaThread "Thread-28" [_thread_blocked, id=7932, stack(0x000000001d520000,0x000000001d620000)]
  0x00000000151c3800 JavaThread "Stdin handler" [_thread_blocked, id=3024, stack(0x000000001bde0000,0x000000001bee0000)]
  0x00000000151c0800 JavaThread "Asynchronous log dispatcher for DefaultDaemonConnection: socket connection from /127.0.0.1:59915 to /127.0.0.1:60160" [_thread_blocked, id=6020, stack(0x00000000188a0000,0x00000000189a0000)]
  0x0000000017082800 JavaThread "Daemon worker Thread 2" [_thread_in_vm, id=9688, stack(0x00000000185a0000,0x00000000186a0000)]
  0x000000001707c800 JavaThread "Cancel handler" [_thread_blocked, id=8600, stack(0x0000000017e80000,0x0000000017f80000)]
  0x0000000017081000 JavaThread "Handler for socket connection from /127.0.0.1:59915 to /127.0.0.1:60160" [_thread_in_native, id=9868, stack(0x0000000001f30000,0x0000000002030000)]
  0x0000000017080000 JavaThread "Daemon Thread 2" [_thread_blocked, id=8812, stack(0x0000000000450000,0x0000000000550000)]
  0x000000001707e800 JavaThread "Cache worker for execution history cache (C:\Users\Fareed\.gradle\caches\6.0.1\executionHistory)" [_thread_blocked, id=4600, stack(0x000000001d620000,0x000000001d720000)]
  0x000000001707f800 JavaThread "Cache worker for journal cache (C:\Users\Fareed\.gradle\caches\journal-1)" [_thread_blocked, id=6740, stack(0x00000000190a0000,0x00000000191a0000)]
  0x000000001707b800 JavaThread "File lock request listener" [_thread_in_native, id=8620, stack(0x0000000018fa0000,0x00000000190a0000)]
  0x0000000017081800 JavaThread "Cache worker for file hash cache (C:\Users\Fareed\.gradle\caches\6.0.1\fileHashes)" [_thread_blocked, id=10892, stack(0x0000000018ea0000,0x0000000018fa0000)]
  0x0000000016f33000 JavaThread "Daemon periodic checks" [_thread_blocked, id=6700, stack(0x00000000184a0000,0x00000000185a0000)]
  0x0000000016e7b800 JavaThread "Incoming local TCP Connector on port 59915" [_thread_in_native, id=6640, stack(0x00000000182c0000,0x00000000183c0000)]
  0x0000000016d8d000 JavaThread "Daemon health stats" [_thread_blocked, id=9968, stack(0x0000000017b80000,0x0000000017c80000)]
  0x0000000014e00800 JavaThread "Service Thread" daemon [_thread_blocked, id=7144, stack(0x00000000151e0000,0x00000000152e0000)]
  0x00000000134ab000 JavaThread "C1 CompilerThread2" daemon [_thread_in_native, id=10424, stack(0x0000000014ce0000,0x0000000014de0000)]
  0x00000000134a4800 JavaThread "C2 CompilerThread1" daemon [_thread_in_native, id=6172, stack(0x0000000014be0000,0x0000000014ce0000)]
=>0x00000000134a1800 JavaThread "C2 CompilerThread0" daemon [_thread_in_native, id=3880, stack(0x0000000014ae0000,0x0000000014be0000)]
  0x000000001349f800 JavaThread "Attach Listener" daemon [_thread_blocked, id=4432, stack(0x00000000149e0000,0x0000000014ae0000)]
  0x000000001349e000 JavaThread "Signal Dispatcher" daemon [_thread_blocked, id=10712, stack(0x00000000148e0000,0x00000000149e0000)]
  0x000000000212c000 JavaThread "Finalizer" daemon [_thread_blocked, id=3504, stack(0x0000000014700000,0x0000000014800000)]
  0x000000001348a000 JavaThread "Reference Handler" daemon [_thread_blocked, id=5052, stack(0x0000000014600000,0x0000000014700000)]
  0x0000000001f2e000 JavaThread "main" [_thread_blocked, id=10188, stack(0x0000000001de0000,0x0000000001ee0000)]

Other Threads:
  0x0000000013467800 VMThread [stack: 0x0000000014500000,0x0000000014600000] [id=6216]
  0x00000000134fe000 WatcherThread [stack: 0x00000000152e0000,0x00000000153e0000] [id=940]

VM state:not at safepoint (normal execution)

VM Mutex/Monitor currently owned by a thread: None

Heap:
 PSYoungGen      total 149504K, used 37179K [0x00000000f5580000, 0x0000000100000000, 0x0000000100000000)
  eden space 131584K, 28% used [0x00000000f5580000,0x00000000f79ced38,0x00000000fd600000)
  from space 17920K, 0% used [0x00000000fd600000,0x00000000fd600000,0x00000000fe780000)
  to   space 22016K, 0% used [0x00000000fea80000,0x00000000fea80000,0x0000000100000000)
 ParOldGen       total 262144K, used 36262K [0x00000000e0000000, 0x00000000f0000000, 0x00000000f5580000)
  object space 262144K, 13% used [0x00000000e0000000,0x00000000e23698a0,0x00000000f0000000)
 Metaspace       used 58456K, capacity 60636K, committed 60800K, reserved 1101824K
  class space    used 7930K, capacity 8483K, committed 8576K, reserved 1048576K

Card table byte_map: [0x00000000114f0000,0x0000000011600000] byte_map_base: 0x0000000010df0000

Marking Bits: (ParMarkBitMap*) 0x0000000062c23e30
 Begin Bits: [0x0000000011a00000, 0x0000000012200000)
 End Bits:   [0x0000000012200000, 0x0000000012a00000)

Polling page: 0x0000000000580000

CodeCache: size=245760Kb used=16393Kb max_used=16393Kb free=229366Kb
 bounds [0x0000000002130000, 0x0000000003150000, 0x0000000011130000]
 total_blobs=5694 nmethods=4900 adapters=705
 compilation: enabled

Compilation events (10 events):
Event: 207.004 Thread 0x00000000134ab000 nmethod 5676 0x0000000003134dd0 code [0x0000000003134f60, 0x0000000003135510]
Event: 207.004 Thread 0x00000000134ab000 5677       3       sun.reflect.generics.scope.MethodScope::getEnclosingClass (11 bytes)
Event: 207.004 Thread 0x00000000134ab000 nmethod 5677 0x0000000003135710 code [0x0000000003135880, 0x0000000003135bf0]
Event: 207.004 Thread 0x00000000134ab000 5678       3       java.lang.Class::checkPackageAccess (94 bytes)
Event: 207.007 Thread 0x00000000134ab000 nmethod 5678 0x0000000003135cd0 code [0x0000000003136000, 0x0000000003137998]
Event: 207.007 Thread 0x00000000134ab000 5679       3       groovyjarjarasm.asm.MethodWriter::computeAllFrames (510 bytes)
Event: 207.010 Thread 0x00000000134ab000 nmethod 5679 0x0000000003138650 code [0x0000000003138940, 0x000000000313a248]
Event: 207.020 Thread 0x00000000134ab000 5680       3       org.gradle.internal.instantiation.generator.AbstractClassGenerator::assembleProperties (217 bytes)
Event: 207.024 Thread 0x00000000134ab000 nmethod 5680 0x000000000313b210 code [0x000000000313b700, 0x000000000313e718]
Event: 207.037 Thread 0x00000000134ab000 5682       3       java.util.ArrayList::addAll (54 bytes)

GC Heap History (10 events):
Event: 16.419 GC heap before
{Heap before GC invocations=8 (full 2):
 PSYoungGen      total 105984K, used 11091K [0x00000000f5580000, 0x00000000fd000000, 0x0000000100000000)
  eden space 92160K, 0% used [0x00000000f5580000,0x00000000f5580000,0x00000000faf80000)
  from space 13824K, 80% used [0x00000000fbd80000,0x00000000fc854fc0,0x00000000fcb00000)
  to   space 14336K, 0% used [0x00000000faf80000,0x00000000faf80000,0x00000000fbd80000)
 ParOldGen       total 175104K, used 12211K [0x00000000e0000000, 0x00000000eab00000, 0x00000000f5580000)
  object space 175104K, 6% used [0x00000000e0000000,0x00000000e0bece70,0x00000000eab00000)
 Metaspace       used 34583K, capacity 35446K, committed 35496K, reserved 1079296K
  class space    used 4855K, capacity 5112K, committed 5120K, reserved 1048576K
Event: 16.545 GC heap after
Heap after GC invocations=8 (full 2):
 PSYoungGen      total 105984K, used 0K [0x00000000f5580000, 0x00000000fd000000, 0x0000000100000000)
  eden space 92160K, 0% used [0x00000000f5580000,0x00000000f5580000,0x00000000faf80000)
  from space 13824K, 0% used [0x00000000fbd80000,0x00000000fbd80000,0x00000000fcb00000)
  to   space 14336K, 0% used [0x00000000faf80000,0x00000000faf80000,0x00000000fbd80000)
 ParOldGen       total 188928K, used 17778K [0x00000000e0000000, 0x00000000eb880000, 0x00000000f5580000)
  object space 188928K, 9% used [0x00000000e0000000,0x00000000e115c838,0x00000000eb880000)
 Metaspace       used 34583K, capacity 35446K, committed 35496K, reserved 1079296K
  class space    used 4855K, capacity 5112K, committed 5120K, reserved 1048576K
}
Event: 18.468 GC heap before
{Heap before GC invocations=9 (full 2):
 PSYoungGen      total 105984K, used 92160K [0x00000000f5580000, 0x00000000fd000000, 0x0000000100000000)
  eden space 92160K, 100% used [0x00000000f5580000,0x00000000faf80000,0x00000000faf80000)
  from space 13824K, 0% used [0x00000000fbd80000,0x00000000fbd80000,0x00000000fcb00000)
  to   space 14336K, 0% used [0x00000000faf80000,0x00000000faf80000,0x00000000fbd80000)
 ParOldGen       total 188928K, used 17778K [0x00000000e0000000, 0x00000000eb880000, 0x00000000f5580000)
  object space 188928K, 9% used [0x00000000e0000000,0x00000000e115c838,0x00000000eb880000)
 Metaspace       used 43030K, capacity 44274K, committed 44544K, reserved 1087488K
  class space    used 5938K, capacity 6280K, committed 6400K, reserved 1048576K
Event: 18.488 GC heap after
Heap after GC invocations=9 (full 2):
 PSYoungGen      total 106496K, used 14314K [0x00000000f5580000, 0x00000000ff700000, 0x0000000100000000)
  eden space 92160K, 0% used [0x00000000f5580000,0x00000000f5580000,0x00000000faf80000)
  from space 14336K, 99% used [0x00000000faf80000,0x00000000fbd7abf0,0x00000000fbd80000)
  to   space 15872K, 0% used [0x00000000fe780000,0x00000000fe780000,0x00000000ff700000)
 ParOldGen       total 188928K, used 17965K [0x00000000e0000000, 0x00000000eb880000, 0x00000000f5580000)
  object space 188928K, 9% used [0x00000000e0000000,0x00000000e118b570,0x00000000eb880000)
 Metaspace       used 43030K, capacity 44274K, committed 44544K, reserved 1087488K
  class space    used 5938K, capacity 6280K, committed 6400K, reserved 1048576K
}
Event: 20.738 GC heap before
{Heap before GC invocations=10 (full 2):
 PSYoungGen      total 106496K, used 106474K [0x00000000f5580000, 0x00000000ff700000, 0x0000000100000000)
  eden space 92160K, 100% used [0x00000000f5580000,0x00000000faf80000,0x00000000faf80000)
  from space 14336K, 99% used [0x00000000faf80000,0x00000000fbd7abf0,0x00000000fbd80000)
  to   space 15872K, 0% used [0x00000000fe780000,0x00000000fe780000,0x00000000ff700000)
 ParOldGen       total 188928K, used 17965K [0x00000000e0000000, 0x00000000eb880000, 0x00000000f5580000)
  object space 188928K, 9% used [0x00000000e0000000,0x00000000e118b570,0x00000000eb880000)
 Metaspace       used 47525K, capacity 49012K, committed 49280K, reserved 1091584K
  class space    used 6567K, capacity 6984K, committed 7040K, reserved 1048576K
Event: 20.771 GC heap after
Heap after GC invocations=10 (full 2):
 PSYoungGen      total 147456K, used 15871K [0x00000000f5580000, 0x00000000ffd00000, 0x0000000100000000)
  eden space 131584K, 0% used [0x00000000f5580000,0x00000000f5580000,0x00000000fd600000)
  from space 15872K, 99% used [0x00000000fe780000,0x00000000ff6ffd48,0x00000000ff700000)
  to   space 17920K, 0% used [0x00000000fd600000,0x00000000fd600000,0x00000000fe780000)
 ParOldGen       total 188928K, used 17995K [0x00000000e0000000, 0x00000000eb880000, 0x00000000f5580000)
  object space 188928K, 9% used [0x00000000e0000000,0x00000000e1192d40,0x00000000eb880000)
 Metaspace       used 47525K, capacity 49012K, committed 49280K, reserved 1091584K
  class space    used 6567K, capacity 6984K, committed 7040K, reserved 1048576K
}
Event: 206.332 GC heap before
{Heap before GC invocations=11 (full 2):
 PSYoungGen      total 147456K, used 126315K [0x00000000f5580000, 0x00000000ffd00000, 0x0000000100000000)
  eden space 131584K, 83% used [0x00000000f5580000,0x00000000fc15afe8,0x00000000fd600000)
  from space 15872K, 99% used [0x00000000fe780000,0x00000000ff6ffd48,0x00000000ff700000)
  to   space 17920K, 0% used [0x00000000fd600000,0x00000000fd600000,0x00000000fe780000)
 ParOldGen       total 188928K, used 17995K [0x00000000e0000000, 0x00000000eb880000, 0x00000000f5580000)
  object space 188928K, 9% used [0x00000000e0000000,0x00000000e1192d40,0x00000000eb880000)
 Metaspace       used 57052K, capacity 58954K, committed 59136K, reserved 1099776K
  class space    used 7681K, capacity 8165K, committed 8192K, reserved 1048576K
Event: 206.359 GC heap after
Heap after GC invocations=11 (full 2):
 PSYoungGen      total 149504K, used 17910K [0x00000000f5580000, 0x0000000100000000, 0x0000000100000000)
  eden space 131584K, 0% used [0x00000000f5580000,0x00000000f5580000,0x00000000fd600000)
  from space 17920K, 99% used [0x00000000fd600000,0x00000000fe77da40,0x00000000fe780000)
  to   space 22016K, 0% used [0x00000000fea80000,0x00000000fea80000,0x0000000100000000)
 ParOldGen       total 188928K, used 23595K [0x00000000e0000000, 0x00000000eb880000, 0x00000000f5580000)
  object space 188928K, 12% used [0x00000000e0000000,0x00000000e170ae68,0x00000000eb880000)
 Metaspace       used 57052K, capacity 58954K, committed 59136K, reserved 1099776K
  class space    used 7681K, capacity 8165K, committed 8192K, reserved 1048576K
}
Event: 206.359 GC heap before
{Heap before GC invocations=12 (full 3):
 PSYoungGen      total 149504K, used 17910K [0x00000000f5580000, 0x0000000100000000, 0x0000000100000000)
  eden space 131584K, 0% used [0x00000000f5580000,0x00000000f5580000,0x00000000fd600000)
  from space 17920K, 99% used [0x00000000fd600000,0x00000000fe77da40,0x00000000fe780000)
  to   space 22016K, 0% used [0x00000000fea80000,0x00000000fea80000,0x0000000100000000)
 ParOldGen       total 188928K, used 23595K [0x00000000e0000000, 0x00000000eb880000, 0x00000000f5580000)
  object space 188928K, 12% used [0x00000000e0000000,0x00000000e170ae68,0x00000000eb880000)
 Metaspace       used 57052K, capacity 58954K, committed 59136K, reserved 1099776K
  class space    used 7681K, capacity 8165K, committed 8192K, reserved 1048576K
Event: 206.613 GC heap after
Heap after GC invocations=12 (full 3):
 PSYoungGen      total 149504K, used 0K [0x00000000f5580000, 0x0000000100000000, 0x0000000100000000)
  eden space 131584K, 0% used [0x00000000f5580000,0x00000000f5580000,0x00000000fd600000)
  from space 17920K, 0% used [0x00000000fd600000,0x00000000fd600000,0x00000000fe780000)
  to   space 22016K, 0% used [0x00000000fea80000,0x00000000fea80000,0x0000000100000000)
 ParOldGen       total 262144K, used 36262K [0x00000000e0000000, 0x00000000f0000000, 0x00000000f5580000)
  object space 262144K, 13% used [0x00000000e0000000,0x00000000e23698a0,0x00000000f0000000)
 Metaspace       used 57050K, capacity 58948K, committed 59136K, reserved 1099776K
  class space    used 7681K, capacity 8164K, committed 8192K, reserved 1048576K
}

Deoptimization events (10 events):
Event: 205.790 Thread 0x0000000017082800 Uncommon trap: reason=predicate action=maybe_recompile pc=0x00000000030545fc method=java.util.AbstractCollection.toArray([Ljava/lang/Object;)[Ljava/lang/Object; @ 49
Event: 205.989 Thread 0x0000000017082800 Uncommon trap: reason=unstable_if action=reinterpret pc=0x0000000002347024 method=java.lang.String.lastIndexOf([CII[CIII)I @ 17
Event: 206.653 Thread 0x0000000017082800 Uncommon trap: reason=unstable_if action=reinterpret pc=0x00000000027a2154 method=org.gradle.internal.service.DefaultServiceRegistry$OwnServices.getService(Ljava/lang/reflect/Type;)Lorg/gradle/internal/service/Service; @ 27
Event: 206.821 Thread 0x0000000017082800 Uncommon trap: reason=array_check action=maybe_recompile pc=0x00000000030ec218 method=java.util.AbstractCollection.toArray([Ljava/lang/Object;)[Ljava/lang/Object; @ 119
Event: 206.824 Thread 0x0000000017082800 Uncommon trap: reason=array_check action=maybe_recompile pc=0x00000000030ec218 method=java.util.AbstractCollection.toArray([Ljava/lang/Object;)[Ljava/lang/Object; @ 119
Event: 206.830 Thread 0x0000000017082800 Uncommon trap: reason=array_check action=maybe_recompile pc=0x00000000030ec218 method=java.util.AbstractCollection.toArray([Ljava/lang/Object;)[Ljava/lang/Object; @ 119
Event: 206.830 Thread 0x0000000017082800 Uncommon trap: reason=array_check action=maybe_recompile pc=0x00000000030ec218 method=java.util.AbstractCollection.toArray([Ljava/lang/Object;)[Ljava/lang/Object; @ 119
Event: 206.853 Thread 0x0000000017082800 Uncommon trap: reason=unstable_if action=reinterpret pc=0x0000000002c227d8 method=java.io.WinNTFileSystem.normalize(Ljava/lang/String;)Ljava/lang/String; @ 74
Event: 206.890 Thread 0x0000000017082800 Uncommon trap: reason=unstable_if action=reinterpret pc=0x0000000002827488 method=sun.misc.URLClassPath$JarLoader.getResource(Ljava/lang/String;ZLjava/util/Set;)Lsun/misc/Resource; @ 17
Event: 206.909 Thread 0x0000000017082800 Uncommon trap: reason=unstable_if action=reinterpret pc=0x0000000002393a6c method=java.lang.Class$MethodArray.removeLessSpecifics()V @ 25

Classes redefined (0 events):
No events

Internal exceptions (10 events):
Event: 206.999 Thread 0x0000000017082800 Exception <a 'java/lang/ClassNotFoundException': org/gradle/api/internal/DefaultNamedDomainObjectCollection$AbstractDomainObjectCreatingProviderBeanInfo> (0x00000000f7566210) thrown at [C:\re\workspace\8-2-build-windows-amd64-cygwin\jdk8u191\11896\hotspot
Event: 206.999 Thread 0x0000000017082800 Exception <a 'java/lang/ClassNotFoundException': org/gradle/api/internal/DefaultNamedDomainObjectCollection$AbstractNamedDomainObjectProviderBeanInfo> (0x00000000f758dd20) thrown at [C:\re\workspace\8-2-build-windows-amd64-cygwin\jdk8u191\11896\hotspot\sr
Event: 207.000 Thread 0x0000000017082800 Exception <a 'java/lang/ClassNotFoundException': org/gradle/api/internal/provider/AbstractReadOnlyProviderBeanInfo> (0x00000000f75ab450) thrown at [C:\re\workspace\8-2-build-windows-amd64-cygwin\jdk8u191\11896\hotspot\src\share\vm\classfile\systemDictiona
Event: 207.000 Thread 0x0000000017082800 Exception <a 'java/lang/ClassNotFoundException': org/gradle/api/internal/provider/AbstractMinimalProviderBeanInfo> (0x00000000f75c8a90) thrown at [C:\re\workspace\8-2-build-windows-amd64-cygwin\jdk8u191\11896\hotspot\src\share\vm\classfile\systemDictionar
Event: 207.001 Thread 0x0000000017082800 Exception <a 'java/lang/ClassNotFoundException': org/gradle/api/internal/provider/AbstractMinimalProviderCustomizer> (0x00000000f75e6108) thrown at [C:\re\workspace\8-2-build-windows-amd64-cygwin\jdk8u191\11896\hotspot\src\share\vm\classfile\systemDiction
Event: 207.002 Thread 0x0000000017082800 Exception <a 'java/lang/ClassNotFoundException': org/gradle/api/internal/provider/AbstractReadOnlyProviderCustomizer> (0x00000000f761fbc8) thrown at [C:\re\workspace\8-2-build-windows-amd64-cygwin\jdk8u191\11896\hotspot\src\share\vm\classfile\systemDictio
Event: 207.002 Thread 0x0000000017082800 Exception <a 'java/lang/ClassNotFoundException': org/gradle/api/internal/DefaultNamedDomainObjectCollection$AbstractNamedDomainObjectProviderCustomizer> (0x00000000f764cc20) thrown at [C:\re\workspace\8-2-build-windows-amd64-cygwin\jdk8u191\11896\hotspot\
Event: 207.003 Thread 0x0000000017082800 Exception <a 'java/lang/ClassNotFoundException': org/gradle/api/internal/DefaultNamedDomainObjectCollection$AbstractDomainObjectCreatingProviderCustomizer> (0x00000000f7683c68) thrown at [C:\re\workspace\8-2-build-windows-amd64-cygwin\jdk8u191\11896\hotsp
Event: 207.004 Thread 0x0000000017082800 Exception <a 'java/lang/ClassNotFoundException': org/gradle/api/internal/tasks/DefaultTaskContainer$TaskCreatingProviderCustomizer> (0x00000000f76b4f50) thrown at [C:\re\workspace\8-2-build-windows-amd64-cygwin\jdk8u191\11896\hotspot\src\share\vm\classfil
Event: 207.006 Thread 0x0000000017082800 Exception <a 'java/lang/ClassNotFoundException': org/gradle/api/internal/tasks/DefaultTaskContainer$TaskCreatingProvider_DecoratedCustomizer> (0x00000000f76e1b30) thrown at [C:\re\workspace\8-2-build-windows-amd64-cygwin\jdk8u191\11896\hotspot\src\share\v

Events (10 events):
Event: 207.033 loading class org/gradle/process/internal/health/memory/MBeanAttributeProvider done
Event: 207.035 loading class org/gradle/process/internal/health/memory/OsMemoryStatusSnapshot
Event: 207.035 loading class org/gradle/process/internal/health/memory/OsMemoryStatusSnapshot done
Event: 207.035 loading class org/gradle/process/internal/health/memory/DefaultMemoryManager$OsMemoryListener
Event: 207.035 loading class org/gradle/process/internal/health/memory/DefaultMemoryManager$OsMemoryListener done
Event: 207.036 loading class org/gradle/process/internal/health/memory/DefaultMemoryManager$MemoryCheck
Event: 207.036 loading class org/gradle/process/internal/health/memory/DefaultMemoryManager$MemoryCheck done
Event: 207.037 Thread 0x00000000151c8000 Thread added: 0x00000000151c8000
Event: 207.037 loading class org/gradle/process/internal/worker/DefaultWorkerProcessFactory
Event: 207.037 loading class org/gradle/process/internal/worker/DefaultWorkerProcessFactory done


Dynamic libraries:
0x00007ff6f1ef0000 - 0x00007ff6f1f27000 	C:\Program Files\Java\jdk1.8.0_191\bin\java.exe
0x00007ffbc7ec0000 - 0x00007ffbc8081000 	C:\Windows\SYSTEM32\ntdll.dll
0x00007ffbc6fa0000 - 0x00007ffbc704d000 	C:\Windows\system32\KERNEL32.DLL
0x00007ffbc53b0000 - 0x00007ffbc558d000 	C:\Windows\system32\KERNELBASE.dll
0x00007ffbc7050000 - 0x00007ffbc70f6000 	C:\Windows\system32\ADVAPI32.dll
0x00007ffbc7260000 - 0x00007ffbc72fd000 	C:\Windows\system32\msvcrt.dll
0x00007ffbc7870000 - 0x00007ffbc78cb000 	C:\Windows\system32\sechost.dll
0x00007ffbc5660000 - 0x00007ffbc5786000 	C:\Windows\system32\RPCRT4.dll
0x00007ffbc6df0000 - 0x00007ffbc6f3e000 	C:\Windows\system32\USER32.dll
0x00007ffbc73b0000 - 0x00007ffbc7536000 	C:\Windows\system32\GDI32.dll
0x00007ffbba9b0000 - 0x00007ffbbac24000 	C:\Windows\WinSxS\amd64_microsoft.windows.common-controls_6595b64144ccf1df_6.0.10240.16384_none_f41f7b285750ef43\COMCTL32.dll
0x00007ffbc55f0000 - 0x00007ffbc5626000 	C:\Windows\system32\IMM32.DLL
0x00007ffbc7100000 - 0x00007ffbc725c000 	C:\Windows\system32\MSCTF.dll
0x0000000062cb0000 - 0x0000000062d82000 	C:\Program Files\Java\jdk1.8.0_191\jre\bin\msvcr100.dll
0x0000000062400000 - 0x0000000062ca4000 	C:\Program Files\Java\jdk1.8.0_191\jre\bin\server\jvm.dll
0x00007ffbc5790000 - 0x00007ffbc5798000 	C:\Windows\system32\PSAPI.DLL
0x00007ffbc2f90000 - 0x00007ffbc2f99000 	C:\Windows\SYSTEM32\WSOCK32.dll
0x00007ffbc7ca0000 - 0x00007ffbc7d09000 	C:\Windows\system32\WS2_32.dll
0x00007ffbc7540000 - 0x00007ffbc7548000 	C:\Windows\system32\NSI.dll
0x00007ffbbac70000 - 0x00007ffbbac93000 	C:\Windows\SYSTEM32\WINMM.dll
0x00007ffbbb390000 - 0x00007ffbbb39a000 	C:\Windows\SYSTEM32\VERSION.dll
0x00007ffbba950000 - 0x00007ffbba97c000 	C:\Windows\SYSTEM32\WINMMBASE.dll
0x00007ffbc4b60000 - 0x00007ffbc4ba4000 	C:\Windows\system32\cfgmgr32.dll
0x00007ffbc31a0000 - 0x00007ffbc31c7000 	C:\Windows\SYSTEM32\DEVOBJ.dll
0x00000000623f0000 - 0x00000000623ff000 	C:\Program Files\Java\jdk1.8.0_191\jre\bin\verify.dll
0x00000000623c0000 - 0x00000000623e9000 	C:\Program Files\Java\jdk1.8.0_191\jre\bin\java.dll
0x00000000623a0000 - 0x00000000623b6000 	C:\Program Files\Java\jdk1.8.0_191\jre\bin\zip.dll
0x00007ffbc58c0000 - 0x00007ffbc6de2000 	C:\Windows\system32\SHELL32.dll
0x00007ffbc4cc0000 - 0x00007ffbc52e9000 	C:\Windows\system32\windows.storage.dll
0x00007ffbc7a20000 - 0x00007ffbc7c9c000 	C:\Windows\system32\combase.dll
0x00007ffbc6f40000 - 0x00007ffbc6f91000 	C:\Windows\system32\shlwapi.dll
0x00007ffbc4930000 - 0x00007ffbc493f000 	C:\Windows\system32\kernel.appcore.dll
0x00007ffbc52f0000 - 0x00007ffbc53a3000 	C:\Windows\system32\shcore.dll
0x00007ffbc4940000 - 0x00007ffbc498a000 	C:\Windows\system32\powrprof.dll
0x00007ffbc48f0000 - 0x00007ffbc4903000 	C:\Windows\system32\profapi.dll
0x0000000062380000 - 0x000000006239a000 	C:\Program Files\Java\jdk1.8.0_191\jre\bin\net.dll
0x00007ffbc4160000 - 0x00007ffbc41bd000 	C:\Windows\system32\mswsock.dll
0x0000000062360000 - 0x0000000062371000 	C:\Program Files\Java\jdk1.8.0_191\jre\bin\nio.dll
0x00007ffbbc9b0000 - 0x00007ffbbc9d6000 	C:\Users\Fareed\.gradle\native\30\windows-amd64\native-platform.dll
0x0000000062350000 - 0x000000006235d000 	C:\Program Files\Java\jdk1.8.0_191\jre\bin\management.dll
0x00007ffbc41c0000 - 0x00007ffbc41d7000 	C:\Windows\SYSTEM32\CRYPTSP.dll
0x00007ffbc4430000 - 0x00007ffbc4458000 	C:\Windows\SYSTEM32\bcrypt.dll
0x00007ffbc3db0000 - 0x00007ffbc3de3000 	C:\Windows\system32\rsaenh.dll
0x00007ffbc3fb0000 - 0x00007ffbc3fcf000 	C:\Windows\SYSTEM32\USERENV.dll
0x00007ffbc4740000 - 0x00007ffbc47ab000 	C:\Windows\system32\bcryptprimitives.dll
0x00007ffbc4330000 - 0x00007ffbc433b000 	C:\Windows\SYSTEM32\CRYPTBASE.dll
0x00007ffbc2ac0000 - 0x00007ffbc2af8000 	C:\Windows\SYSTEM32\IPHLPAPI.DLL
0x00007ffbc2ab0000 - 0x00007ffbc2abb000 	C:\Windows\SYSTEM32\WINNSI.DLL
0x00007ffbbd100000 - 0x00007ffbbd116000 	C:\Windows\SYSTEM32\dhcpcsvc6.DLL
0x00007ffbbd0e0000 - 0x00007ffbbd0fa000 	C:\Windows\SYSTEM32\dhcpcsvc.DLL

VM Arguments:
jvm_args: -XX:MaxMetaspaceSize=256m -XX:+HeapDumpOnOutOfMemoryError -Xms256m -Xmx512m -Dfile.encoding=windows-1252 -Duser.country=US -Duser.language=en -Duser.variant 
java_command: org.gradle.launcher.daemon.bootstrap.GradleDaemon 6.0.1
java_class_path (initial): C:\Users\Fareed\.gradle\wrapper\dists\gradle-6.0.1-all\99d3u8wxs16ndehh90lbbir67\gradle-6.0.1\lib\gradle-launcher-6.0.1.jar
Launcher Type: SUN_STANDARD

Environment Variables:
JAVA_HOME=C:\Program Files\Java\jdk1.8.0_191
CLASSPATH=F:\Kitchan Expert\quiz_app\android\\gradle\wrapper\gradle-wrapper.jar
PATH=F:\Kitchan Expert\quiz_app\android\node_modules\.bin;F:\Kitchan Expert\quiz_app\node_modules\.bin;F:\Kitchan Expert\node_modules\.bin;F:\node_modules\.bin;C:\Program Files\nodejs;C:\Program Files (x86)\Common Files\Oracle\Java\javapath;C:\Windows\system32;C:\Windows;C:\Windows\System32\Wbem;C:\Windows\System32\WindowsPowerShell\v1.0\;C:\Program Files\Git\cmd;C:\Program Files\Git\mingw64\bin;C:\Program Files\Git\usr\bin;C:\Program Files\nodejs\;C:\Program Files (x86)\Yarn\bin\;C:\Program Files\Java\jdk1.8.0_191\bin;C:\Users\Fareed\AppData\Local\Android\Sdk\tools;C:\Users\Fareed\AppData\Local\Android\Sdk\platform-tools;C:\Users\Fareed\AppData\Local\Programs\Microsoft VS Code\bin;C:\Users\Fareed\AppData\Roaming\npm;C:\Users\Fareed\AppData\Local\Android\Sdk;C:\Users\Fareed\AppData\Local\Android\Sdk\android-25;C:\Users\Fareed\AppData\Local\GitHubDesktop\bin;C:\Users\Fareed\AppData\Local\Yarn\bin
USERNAME=Fareed
OS=Windows_NT
PROCESSOR_IDENTIFIER=Intel64 Family 6 Model 58 Stepping 9, GenuineIntel



---------------  S Y S T E M  ---------------

OS: Windows 10.0 , 64 bit Build 10240 (10.0.10240.16384)

CPU:total 4 (initial active 4) (2 cores per cpu, 2 threads per core) family 6 model 58 stepping 9, cmov, cx8, fxsr, mmx, sse, sse2, sse3, ssse3, sse4.1, sse4.2, popcnt, avx, aes, clmul, erms, ht, tsc, tscinvbit, tscinv

Memory: 4k page, physical 8250808k(2000432k free), swap 9279908k(4460k free)

vm_info: Java HotSpot(TM) 64-Bit Server VM (25.191-b12) for windows-amd64 JRE (1.8.0_191-b12), built on Oct  6 2018 09:29:03 by "java_re" with MS VC++ 10.0 (VS2010)

time: Tue Jun 30 04:05:01 2020
elapsed time: 207 seconds (0d 0h 3m 27s)

